2018-04-17 15:48:12,996 [INFO] [restartedMain] com.stylefeng.guns.GunsApplication [StartupInfoLogger.java : 48] Starting GunsApplication on localhost with PID 3257 (/Users/wenhuicai/Workspaces/Guns-master/guns-admin/target/classes started by wenhuicai in /Users/wenhuicai/Workspaces/Guns-master/guns-parent)
2018-04-17 15:48:12,997 [DEBUG] [restartedMain] com.stylefeng.guns.GunsApplication [StartupInfoLogger.java : 51] Running with Spring Boot v1.5.9.RELEASE, Spring v4.3.13.RELEASE
2018-04-17 15:48:12,998 [INFO] [restartedMain] com.stylefeng.guns.GunsApplication [SpringApplication.java : 597] The following profiles are active: dev
2018-04-17 15:48:13,178 [INFO] [restartedMain] o.s.b.c.e.AnnotationConfigEmbeddedWebApplicationContext [AbstractApplicationContext.java : 583] Refreshing org.springframework.boot.context.embedded.AnnotationConfigEmbeddedWebApplicationContext@7341ddcd: startup date [Tue Apr 17 15:48:13 CST 2018]; root of context hierarchy
2018-04-17 15:48:15,163 [INFO] [restartedMain] o.s.data.repository.config.RepositoryConfigurationDelegate [RepositoryConfigurationDelegate.java : 165] Multiple Spring Data modules found, entering strict repository configuration mode!
2018-04-17 15:48:15,838 [INFO] [restartedMain] o.s.c.s.PostProcessorRegistrationDelegate$BeanPostProcessorChecker [PostProcessorRegistrationDelegate.java : 327] Bean 'shiroConfig' of type [com.stylefeng.guns.config.web.ShiroConfig$$EnhancerBySpringCGLIB$$1bf9d73] is not eligible for getting processed by all BeanPostProcessors (for example: not eligible for auto-proxying)
2018-04-17 15:48:15,929 [INFO] [restartedMain] o.s.c.s.PostProcessorRegistrationDelegate$BeanPostProcessorChecker [PostProcessorRegistrationDelegate.java : 327] Bean 'rememberMeCookie' of type [org.apache.shiro.web.servlet.SimpleCookie] is not eligible for getting processed by all BeanPostProcessors (for example: not eligible for auto-proxying)
2018-04-17 15:48:16,208 [INFO] [restartedMain] o.s.c.s.PostProcessorRegistrationDelegate$BeanPostProcessorChecker [PostProcessorRegistrationDelegate.java : 327] Bean 'rememberMeManager' of type [org.apache.shiro.web.mgt.CookieRememberMeManager] is not eligible for getting processed by all BeanPostProcessors (for example: not eligible for auto-proxying)
2018-04-17 15:48:16,216 [INFO] [restartedMain] o.s.c.s.PostProcessorRegistrationDelegate$BeanPostProcessorChecker [PostProcessorRegistrationDelegate.java : 327] Bean 'ehCacheConfig' of type [com.stylefeng.guns.config.EhCacheConfig$$EnhancerBySpringCGLIB$$ccf1d7b] is not eligible for getting processed by all BeanPostProcessors (for example: not eligible for auto-proxying)
2018-04-17 15:48:16,225 [INFO] [restartedMain] org.springframework.cache.ehcache.EhCacheManagerFactoryBean [EhCacheManagerFactoryBean.java : 130] Initializing EhCache CacheManager
2018-04-17 15:48:16,407 [INFO] [restartedMain] o.s.c.s.PostProcessorRegistrationDelegate$BeanPostProcessorChecker [PostProcessorRegistrationDelegate.java : 327] Bean 'ehcache' of type [org.springframework.cache.ehcache.EhCacheManagerFactoryBean] is not eligible for getting processed by all BeanPostProcessors (for example: not eligible for auto-proxying)
2018-04-17 15:48:16,413 [INFO] [restartedMain] o.s.c.s.PostProcessorRegistrationDelegate$BeanPostProcessorChecker [PostProcessorRegistrationDelegate.java : 327] Bean 'getCacheShiroManager' of type [org.apache.shiro.cache.ehcache.EhCacheManager] is not eligible for getting processed by all BeanPostProcessors (for example: not eligible for auto-proxying)
2018-04-17 15:48:16,575 [INFO] [restartedMain] o.s.c.s.PostProcessorRegistrationDelegate$BeanPostProcessorChecker [PostProcessorRegistrationDelegate.java : 327] Bean 'gunsProperties' of type [com.stylefeng.guns.config.properties.GunsProperties] is not eligible for getting processed by all BeanPostProcessors (for example: not eligible for auto-proxying)
2018-04-17 15:48:16,595 [INFO] [restartedMain] o.s.c.s.PostProcessorRegistrationDelegate$BeanPostProcessorChecker [PostProcessorRegistrationDelegate.java : 327] Bean 'defaultWebSessionManager' of type [org.apache.shiro.web.session.mgt.DefaultWebSessionManager] is not eligible for getting processed by all BeanPostProcessors (for example: not eligible for auto-proxying)
2018-04-17 15:48:16,638 [INFO] [restartedMain] o.s.c.s.PostProcessorRegistrationDelegate$BeanPostProcessorChecker [PostProcessorRegistrationDelegate.java : 327] Bean 'shiroDbRealm' of type [com.stylefeng.guns.core.shiro.ShiroDbRealm] is not eligible for getting processed by all BeanPostProcessors (for example: not eligible for auto-proxying)
2018-04-17 15:48:16,639 [INFO] [restartedMain] org.apache.shiro.cache.ehcache.EhCacheManager [EhCacheManager.java : 158] Cache with name 'com.stylefeng.guns.core.shiro.ShiroDbRealm.authorizationCache' does not yet exist.  Creating now.
2018-04-17 15:48:16,652 [INFO] [restartedMain] org.apache.shiro.cache.ehcache.EhCacheManager [EhCacheManager.java : 165] Added EhCache named [com.stylefeng.guns.core.shiro.ShiroDbRealm.authorizationCache]
2018-04-17 15:48:16,668 [INFO] [restartedMain] o.s.c.s.PostProcessorRegistrationDelegate$BeanPostProcessorChecker [PostProcessorRegistrationDelegate.java : 327] Bean 'securityManager' of type [org.apache.shiro.web.mgt.DefaultWebSecurityManager] is not eligible for getting processed by all BeanPostProcessors (for example: not eligible for auto-proxying)
2018-04-17 15:48:16,680 [INFO] [restartedMain] o.s.c.s.PostProcessorRegistrationDelegate$BeanPostProcessorChecker [PostProcessorRegistrationDelegate.java : 327] Bean 'methodInvokingFactoryBean' of type [org.springframework.beans.factory.config.MethodInvokingFactoryBean] is not eligible for getting processed by all BeanPostProcessors (for example: not eligible for auto-proxying)
2018-04-17 15:48:16,702 [INFO] [restartedMain] o.s.c.s.PostProcessorRegistrationDelegate$BeanPostProcessorChecker [PostProcessorRegistrationDelegate.java : 327] Bean 'webConfig' of type [com.stylefeng.guns.config.web.WebConfig$$EnhancerBySpringCGLIB$$9ba42eb6] is not eligible for getting processed by all BeanPostProcessors (for example: not eligible for auto-proxying)
2018-04-17 15:48:16,780 [INFO] [restartedMain] o.s.c.s.PostProcessorRegistrationDelegate$BeanPostProcessorChecker [PostProcessorRegistrationDelegate.java : 327] Bean 'authorizationAttributeSourceAdvisor' of type [org.apache.shiro.spring.security.interceptor.AuthorizationAttributeSourceAdvisor] is not eligible for getting processed by all BeanPostProcessors (for example: not eligible for auto-proxying)
2018-04-17 15:48:16,788 [INFO] [restartedMain] o.s.c.s.PostProcessorRegistrationDelegate$BeanPostProcessorChecker [PostProcessorRegistrationDelegate.java : 327] Bean 'druidStatPointcut' of type [org.springframework.aop.support.JdkRegexpMethodPointcut] is not eligible for getting processed by all BeanPostProcessors (for example: not eligible for auto-proxying)
2018-04-17 15:48:16,800 [INFO] [restartedMain] o.s.c.s.PostProcessorRegistrationDelegate$BeanPostProcessorChecker [PostProcessorRegistrationDelegate.java : 327] Bean 'druidStatInterceptor' of type [com.alibaba.druid.support.spring.stat.DruidStatInterceptor] is not eligible for getting processed by all BeanPostProcessors (for example: not eligible for auto-proxying)
2018-04-17 15:48:16,809 [INFO] [restartedMain] o.s.c.s.PostProcessorRegistrationDelegate$BeanPostProcessorChecker [PostProcessorRegistrationDelegate.java : 327] Bean 'druidStatAdvisor' of type [org.springframework.aop.support.DefaultPointcutAdvisor] is not eligible for getting processed by all BeanPostProcessors (for example: not eligible for auto-proxying)
2018-04-17 15:48:16,929 [INFO] [restartedMain] o.s.c.s.PostProcessorRegistrationDelegate$BeanPostProcessorChecker [PostProcessorRegistrationDelegate.java : 327] Bean 'org.springframework.transaction.annotation.ProxyTransactionManagementConfiguration' of type [org.springframework.transaction.annotation.ProxyTransactionManagementConfiguration$$EnhancerBySpringCGLIB$$ef6b2538] is not eligible for getting processed by all BeanPostProcessors (for example: not eligible for auto-proxying)
2018-04-17 15:48:17,350 [INFO] [restartedMain] o.s.c.s.PostProcessorRegistrationDelegate$BeanPostProcessorChecker [PostProcessorRegistrationDelegate.java : 327] Bean 'org.springframework.cache.annotation.ProxyCachingConfiguration' of type [org.springframework.cache.annotation.ProxyCachingConfiguration$$EnhancerBySpringCGLIB$$387d5b56] is not eligible for getting processed by all BeanPostProcessors (for example: not eligible for auto-proxying)
2018-04-17 15:48:17,953 [INFO] [restartedMain] o.s.b.context.embedded.tomcat.TomcatEmbeddedServletContainer [TomcatEmbeddedServletContainer.java : 89] Tomcat initialized with port(s): 8081 (http)
2018-04-17 15:48:17,968 [INFO] [restartedMain] org.apache.catalina.core.StandardService [DirectJDKLog.java : 179] Starting service [Tomcat]
2018-04-17 15:48:17,970 [INFO] [restartedMain] org.apache.catalina.core.StandardEngine [DirectJDKLog.java : 179] Starting Servlet Engine: Apache Tomcat/8.5.23
2018-04-17 15:48:18,178 [INFO] [localhost-startStop-1] o.a.catalina.core.ContainerBase.[Tomcat].[localhost].[/] [DirectJDKLog.java : 179] Initializing Spring embedded WebApplicationContext
2018-04-17 15:48:18,178 [INFO] [localhost-startStop-1] org.springframework.web.context.ContextLoader [EmbeddedWebApplicationContext.java : 276] Root WebApplicationContext: initialization completed in 5000 ms
2018-04-17 15:48:18,566 [INFO] [localhost-startStop-1] org.springframework.boot.web.servlet.ServletRegistrationBean [ServletRegistrationBean.java : 190] Mapping servlet: 'statViewServlet' to [/druid/*]
2018-04-17 15:48:18,569 [INFO] [localhost-startStop-1] org.springframework.boot.web.servlet.ServletRegistrationBean [ServletRegistrationBean.java : 190] Mapping servlet: 'dispatcherServlet' to [/]
2018-04-17 15:48:18,574 [INFO] [localhost-startStop-1] org.springframework.boot.web.servlet.FilterRegistrationBean [AbstractFilterRegistrationBean.java : 258] Mapping filter: 'characterEncodingFilter' to: [/*]
2018-04-17 15:48:18,574 [INFO] [localhost-startStop-1] org.springframework.boot.web.servlet.FilterRegistrationBean [AbstractFilterRegistrationBean.java : 258] Mapping filter: 'hiddenHttpMethodFilter' to: [/*]
2018-04-17 15:48:18,575 [INFO] [localhost-startStop-1] org.springframework.boot.web.servlet.FilterRegistrationBean [AbstractFilterRegistrationBean.java : 258] Mapping filter: 'httpPutFormContentFilter' to: [/*]
2018-04-17 15:48:18,575 [INFO] [localhost-startStop-1] org.springframework.boot.web.servlet.FilterRegistrationBean [AbstractFilterRegistrationBean.java : 258] Mapping filter: 'requestContextFilter' to: [/*]
2018-04-17 15:48:18,575 [INFO] [localhost-startStop-1] org.springframework.boot.web.servlet.FilterRegistrationBean [AbstractFilterRegistrationBean.java : 271] Mapping filter: 'webStatFilter' to urls: [/*]
2018-04-17 15:48:18,575 [INFO] [localhost-startStop-1] org.springframework.boot.web.servlet.FilterRegistrationBean [AbstractFilterRegistrationBean.java : 271] Mapping filter: 'xssFilter' to urls: [/*]
2018-04-17 15:48:18,576 [INFO] [localhost-startStop-1] org.springframework.boot.web.servlet.FilterRegistrationBean [AbstractFilterRegistrationBean.java : 258] Mapping filter: 'shiroFilter' to: [/*]
2018-04-17 15:48:19,716 [INFO] [restartedMain] com.alibaba.druid.pool.DruidDataSource [DruidDataSource.java : 922] {dataSource-1} inited
2018-04-17 15:48:20,967 [INFO] [restartedMain] org.flowable.engine.impl.cfg.ProcessEngineConfigurationImpl [ProcessEngineConfigurationImpl.java : 1230] Found 1 Process Engine Configurators in total:
2018-04-17 15:48:20,967 [INFO] [restartedMain] org.flowable.engine.impl.cfg.ProcessEngineConfigurationImpl [ProcessEngineConfigurationImpl.java : 1232] class org.flowable.spring.configurator.SpringIdmEngineConfigurator (priority:100000)
2018-04-17 15:48:20,968 [INFO] [restartedMain] org.flowable.engine.impl.cfg.ProcessEngineConfigurationImpl [ProcessEngineConfigurationImpl.java : 1242] Executing beforeInit() of class org.flowable.spring.configurator.SpringIdmEngineConfigurator (priority:100000)
2018-04-17 15:48:20,997 [INFO] [restartedMain] com.alibaba.druid.pool.DruidDataSource [DruidDataSource.java : 922] {dataSource-2} inited
2018-04-17 15:48:21,745 [INFO] [restartedMain] org.flowable.engine.impl.cfg.ProcessEngineConfigurationImpl [ProcessEngineConfigurationImpl.java : 1361] Executing configure() of class org.flowable.spring.configurator.SpringIdmEngineConfigurator (priority:100000)
2018-04-17 15:48:21,785 [INFO] [restartedMain] o.f.e.common.impl.db.AbstractSqlScriptBasedDbSchemaManager [AbstractSqlScriptBasedDbSchemaManager.java : 201] performing create on identity with resource org/flowable/idm/db/create/flowable.mysql.create.identity.sql
2018-04-17 15:48:21,785 [INFO] [restartedMain] o.f.e.common.impl.db.AbstractSqlScriptBasedDbSchemaManager [AbstractSqlScriptBasedDbSchemaManager.java : 217] Found MySQL: majorVersion=5 minorVersion=7
2018-04-17 15:48:22,209 [INFO] [restartedMain] org.flowable.idm.engine.impl.IdmEngineImpl [IdmEngineImpl.java : 51] IdmEngine default created
2018-04-17 15:48:22,217 [INFO] [restartedMain] o.f.e.common.impl.db.AbstractSqlScriptBasedDbSchemaManager [AbstractSqlScriptBasedDbSchemaManager.java : 201] performing create on common with resource org/flowable/db/create/flowable.mysql.create.common.sql
2018-04-17 15:48:22,218 [INFO] [restartedMain] o.f.e.common.impl.db.AbstractSqlScriptBasedDbSchemaManager [AbstractSqlScriptBasedDbSchemaManager.java : 217] Found MySQL: majorVersion=5 minorVersion=7
2018-04-17 15:48:22,240 [INFO] [restartedMain] o.f.e.common.impl.db.AbstractSqlScriptBasedDbSchemaManager [AbstractSqlScriptBasedDbSchemaManager.java : 201] performing create on identitylink with resource org/flowable/identitylink/service/db/create/flowable.mysql.create.identitylink.sql
2018-04-17 15:48:22,241 [INFO] [restartedMain] o.f.e.common.impl.db.AbstractSqlScriptBasedDbSchemaManager [AbstractSqlScriptBasedDbSchemaManager.java : 217] Found MySQL: majorVersion=5 minorVersion=7
2018-04-17 15:48:22,269 [INFO] [restartedMain] o.f.e.common.impl.db.AbstractSqlScriptBasedDbSchemaManager [AbstractSqlScriptBasedDbSchemaManager.java : 201] performing create on identitylink.history with resource org/flowable/identitylink/service/db/create/flowable.mysql.create.identitylink.history.sql
2018-04-17 15:48:22,269 [INFO] [restartedMain] o.f.e.common.impl.db.AbstractSqlScriptBasedDbSchemaManager [AbstractSqlScriptBasedDbSchemaManager.java : 217] Found MySQL: majorVersion=5 minorVersion=7
2018-04-17 15:48:22,292 [INFO] [restartedMain] o.f.e.common.impl.db.AbstractSqlScriptBasedDbSchemaManager [AbstractSqlScriptBasedDbSchemaManager.java : 201] performing create on task with resource org/flowable/task/service/db/create/flowable.mysql.create.task.sql
2018-04-17 15:48:22,293 [INFO] [restartedMain] o.f.e.common.impl.db.AbstractSqlScriptBasedDbSchemaManager [AbstractSqlScriptBasedDbSchemaManager.java : 217] Found MySQL: majorVersion=5 minorVersion=7
2018-04-17 15:48:22,351 [INFO] [restartedMain] o.f.e.common.impl.db.AbstractSqlScriptBasedDbSchemaManager [AbstractSqlScriptBasedDbSchemaManager.java : 201] performing create on task.history with resource org/flowable/task/service/db/create/flowable.mysql.create.task.history.sql
2018-04-17 15:48:22,351 [INFO] [restartedMain] o.f.e.common.impl.db.AbstractSqlScriptBasedDbSchemaManager [AbstractSqlScriptBasedDbSchemaManager.java : 217] Found MySQL: majorVersion=5 minorVersion=7
2018-04-17 15:48:22,394 [INFO] [restartedMain] o.f.e.common.impl.db.AbstractSqlScriptBasedDbSchemaManager [AbstractSqlScriptBasedDbSchemaManager.java : 201] performing create on variable with resource org/flowable/variable/service/db/create/flowable.mysql.create.variable.sql
2018-04-17 15:48:22,395 [INFO] [restartedMain] o.f.e.common.impl.db.AbstractSqlScriptBasedDbSchemaManager [AbstractSqlScriptBasedDbSchemaManager.java : 217] Found MySQL: majorVersion=5 minorVersion=7
2018-04-17 15:48:22,440 [INFO] [restartedMain] o.f.e.common.impl.db.AbstractSqlScriptBasedDbSchemaManager [AbstractSqlScriptBasedDbSchemaManager.java : 201] performing create on variable.history with resource org/flowable/variable/service/db/create/flowable.mysql.create.variable.history.sql
2018-04-17 15:48:22,440 [INFO] [restartedMain] o.f.e.common.impl.db.AbstractSqlScriptBasedDbSchemaManager [AbstractSqlScriptBasedDbSchemaManager.java : 217] Found MySQL: majorVersion=5 minorVersion=7
2018-04-17 15:48:22,483 [INFO] [restartedMain] o.f.e.common.impl.db.AbstractSqlScriptBasedDbSchemaManager [AbstractSqlScriptBasedDbSchemaManager.java : 201] performing create on job with resource org/flowable/job/service/db/create/flowable.mysql.create.job.sql
2018-04-17 15:48:22,484 [INFO] [restartedMain] o.f.e.common.impl.db.AbstractSqlScriptBasedDbSchemaManager [AbstractSqlScriptBasedDbSchemaManager.java : 217] Found MySQL: majorVersion=5 minorVersion=7
2018-04-17 15:48:22,610 [INFO] [restartedMain] o.f.e.common.impl.db.AbstractSqlScriptBasedDbSchemaManager [AbstractSqlScriptBasedDbSchemaManager.java : 201] performing create on engine with resource org/flowable/db/create/flowable.mysql.create.engine.sql
2018-04-17 15:48:22,611 [INFO] [restartedMain] o.f.e.common.impl.db.AbstractSqlScriptBasedDbSchemaManager [AbstractSqlScriptBasedDbSchemaManager.java : 217] Found MySQL: majorVersion=5 minorVersion=7
2018-04-17 15:48:23,349 [INFO] [restartedMain] o.f.e.common.impl.db.AbstractSqlScriptBasedDbSchemaManager [AbstractSqlScriptBasedDbSchemaManager.java : 201] performing create on history with resource org/flowable/db/create/flowable.mysql.create.history.sql
2018-04-17 15:48:23,350 [INFO] [restartedMain] o.f.e.common.impl.db.AbstractSqlScriptBasedDbSchemaManager [AbstractSqlScriptBasedDbSchemaManager.java : 217] Found MySQL: majorVersion=5 minorVersion=7
2018-04-17 15:48:23,571 [INFO] [restartedMain] org.flowable.engine.impl.ProcessEngineImpl [ProcessEngineImpl.java : 84] ProcessEngine default created
2018-04-17 15:48:23,579 [INFO] [restartedMain] o.f.job.service.impl.asyncexecutor.AbstractAsyncExecutor [AbstractAsyncExecutor.java : 114] Starting up the async job executor [org.flowable.spring.SpringAsyncExecutor].
2018-04-17 15:48:23,580 [INFO] [Thread-7] o.f.j.service.impl.asyncexecutor.AcquireAsyncJobsDueRunnable [AcquireAsyncJobsDueRunnable.java : 52] starting to acquire async jobs due
2018-04-17 15:48:23,580 [INFO] [Thread-8] o.f.job.service.impl.asyncexecutor.AcquireTimerJobsRunnable [AcquireTimerJobsRunnable.java : 50] starting to acquire async jobs due
2018-04-17 15:48:23,580 [INFO] [Thread-9] o.f.job.service.impl.asyncexecutor.ResetExpiredJobsRunnable [ResetExpiredJobsRunnable.java : 56] starting to reset expired jobs
2018-04-17 15:48:23,718 [INFO] [restartedMain] org.flowable.engine.impl.cmd.ValidateV5EntitiesCmd [ValidateV5EntitiesCmd.java : 43] Total of v5 deployments found: 0
2018-04-17 15:48:27,731 [INFO] [restartedMain] org.springframework.aop.framework.CglibAopProxy [CglibAopProxy.java : 274] Method [java.util.List springfox.documentation.schema.property.OptimizedModelPropertiesProvider.candidateProperties(com.fasterxml.classmate.ResolvedType,com.fasterxml.jackson.databind.introspect.AnnotatedMember,com.fasterxml.jackson.databind.introspect.BeanPropertyDefinition,springfox.documentation.spi.schema.contexts.ModelContext)] is package-visible across different ClassLoaders and cannot get proxied via CGLIB: Declare this method as public or protected if you need to support invocations through the proxy.
2018-04-17 15:48:28,028 [INFO] [restartedMain] o.s.w.s.mvc.method.annotation.RequestMappingHandlerMapping [AbstractHandlerMethodMapping.java : 543] Mapped "{[/code]}" onto public java.lang.String com.stylefeng.guns.modular.code.controller.CodeController.blackboard(org.springframework.ui.Model)
2018-04-17 15:48:28,029 [INFO] [restartedMain] o.s.w.s.mvc.method.annotation.RequestMappingHandlerMapping [AbstractHandlerMethodMapping.java : 543] Mapped "{[/code/generate],methods=[POST]}" onto public java.lang.Object com.stylefeng.guns.modular.code.controller.CodeController.generate(com.stylefeng.guns.generator.action.model.GenQo)
2018-04-17 15:48:28,032 [INFO] [restartedMain] o.s.w.s.mvc.method.annotation.RequestMappingHandlerMapping [AbstractHandlerMethodMapping.java : 543] Mapped "{[/expense]}" onto public java.lang.String com.stylefeng.guns.modular.flowable.controller.ExpenseController.index()
2018-04-17 15:48:28,033 [INFO] [restartedMain] o.s.w.s.mvc.method.annotation.RequestMappingHandlerMapping [AbstractHandlerMethodMapping.java : 543] Mapped "{[/expense/add]}" onto public java.lang.Object com.stylefeng.guns.modular.flowable.controller.ExpenseController.add(com.stylefeng.guns.modular.system.model.Expense)
2018-04-17 15:48:28,033 [INFO] [restartedMain] o.s.w.s.mvc.method.annotation.RequestMappingHandlerMapping [AbstractHandlerMethodMapping.java : 543] Mapped "{[/expense/update]}" onto public java.lang.Object com.stylefeng.guns.modular.flowable.controller.ExpenseController.update(com.stylefeng.guns.modular.system.model.Expense)
2018-04-17 15:48:28,033 [INFO] [restartedMain] o.s.w.s.mvc.method.annotation.RequestMappingHandlerMapping [AbstractHandlerMethodMapping.java : 543] Mapped "{[/expense/delete]}" onto public java.lang.Object com.stylefeng.guns.modular.flowable.controller.ExpenseController.delete(java.lang.Integer)
2018-04-17 15:48:28,034 [INFO] [restartedMain] o.s.w.s.mvc.method.annotation.RequestMappingHandlerMapping [AbstractHandlerMethodMapping.java : 543] Mapped "{[/expense/list]}" onto public java.lang.Object com.stylefeng.guns.modular.flowable.controller.ExpenseController.list(java.lang.String)
2018-04-17 15:48:28,034 [INFO] [restartedMain] o.s.w.s.mvc.method.annotation.RequestMappingHandlerMapping [AbstractHandlerMethodMapping.java : 543] Mapped "{[/expense/expense_add]}" onto public java.lang.String com.stylefeng.guns.modular.flowable.controller.ExpenseController.expenseAdd()
2018-04-17 15:48:28,035 [INFO] [restartedMain] o.s.w.s.mvc.method.annotation.RequestMappingHandlerMapping [AbstractHandlerMethodMapping.java : 543] Mapped "{[/expense/expense_update/{expenseId}]}" onto public void com.stylefeng.guns.modular.flowable.controller.ExpenseController.expenseView(java.lang.Integer)
2018-04-17 15:48:28,035 [INFO] [restartedMain] o.s.w.s.mvc.method.annotation.RequestMappingHandlerMapping [AbstractHandlerMethodMapping.java : 543] Mapped "{[/expense/detail/{expenseId}]}" onto public java.lang.Object com.stylefeng.guns.modular.flowable.controller.ExpenseController.detail(java.lang.Integer)
2018-04-17 15:48:28,037 [INFO] [restartedMain] o.s.w.s.mvc.method.annotation.RequestMappingHandlerMapping [AbstractHandlerMethodMapping.java : 543] Mapped "{[/process]}" onto public java.lang.String com.stylefeng.guns.modular.flowable.controller.ProcessController.index()
2018-04-17 15:48:28,038 [INFO] [restartedMain] o.s.w.s.mvc.method.annotation.RequestMappingHandlerMapping [AbstractHandlerMethodMapping.java : 543] Mapped "{[/process/list]}" onto public java.lang.Object com.stylefeng.guns.modular.flowable.controller.ProcessController.list(java.lang.String)
2018-04-17 15:48:28,038 [INFO] [restartedMain] o.s.w.s.mvc.method.annotation.RequestMappingHandlerMapping [AbstractHandlerMethodMapping.java : 543] Mapped "{[/process/unPass]}" onto public java.lang.Object com.stylefeng.guns.modular.flowable.controller.ProcessController.unPass(java.lang.String)
2018-04-17 15:48:28,039 [INFO] [restartedMain] o.s.w.s.mvc.method.annotation.RequestMappingHandlerMapping [AbstractHandlerMethodMapping.java : 543] Mapped "{[/process/pass]}" onto public java.lang.Object com.stylefeng.guns.modular.flowable.controller.ProcessController.pass(java.lang.String)
2018-04-17 15:48:28,040 [INFO] [restartedMain] o.s.w.s.mvc.method.annotation.RequestMappingHandlerMapping [AbstractHandlerMethodMapping.java : 543] Mapped "{[/blackboard]}" onto public java.lang.String com.stylefeng.guns.modular.system.controller.BlackboardController.blackboard(org.springframework.ui.Model)
2018-04-17 15:48:28,043 [INFO] [restartedMain] o.s.w.s.mvc.method.annotation.RequestMappingHandlerMapping [AbstractHandlerMethodMapping.java : 543] Mapped "{[/dept]}" onto public java.lang.String com.stylefeng.guns.modular.system.controller.DeptController.index()
2018-04-17 15:48:28,043 [INFO] [restartedMain] o.s.w.s.mvc.method.annotation.RequestMappingHandlerMapping [AbstractHandlerMethodMapping.java : 543] Mapped "{[/dept/add]}" onto public java.lang.Object com.stylefeng.guns.modular.system.controller.DeptController.add(com.stylefeng.guns.modular.system.model.Dept)
2018-04-17 15:48:28,044 [INFO] [restartedMain] o.s.w.s.mvc.method.annotation.RequestMappingHandlerMapping [AbstractHandlerMethodMapping.java : 543] Mapped "{[/dept/update]}" onto public java.lang.Object com.stylefeng.guns.modular.system.controller.DeptController.update(com.stylefeng.guns.modular.system.model.Dept)
2018-04-17 15:48:28,044 [INFO] [restartedMain] o.s.w.s.mvc.method.annotation.RequestMappingHandlerMapping [AbstractHandlerMethodMapping.java : 543] Mapped "{[/dept/delete]}" onto public java.lang.Object com.stylefeng.guns.modular.system.controller.DeptController.delete(java.lang.Integer)
2018-04-17 15:48:28,045 [INFO] [restartedMain] o.s.w.s.mvc.method.annotation.RequestMappingHandlerMapping [AbstractHandlerMethodMapping.java : 543] Mapped "{[/dept/list]}" onto public java.lang.Object com.stylefeng.guns.modular.system.controller.DeptController.list(java.lang.String)
2018-04-17 15:48:28,045 [INFO] [restartedMain] o.s.w.s.mvc.method.annotation.RequestMappingHandlerMapping [AbstractHandlerMethodMapping.java : 543] Mapped "{[/dept/tree]}" onto public java.util.List<com.stylefeng.guns.core.node.ZTreeNode> com.stylefeng.guns.modular.system.controller.DeptController.tree()
2018-04-17 15:48:28,046 [INFO] [restartedMain] o.s.w.s.mvc.method.annotation.RequestMappingHandlerMapping [AbstractHandlerMethodMapping.java : 543] Mapped "{[/dept/detail/{deptId}]}" onto public java.lang.Object com.stylefeng.guns.modular.system.controller.DeptController.detail(java.lang.Integer)
2018-04-17 15:48:28,046 [INFO] [restartedMain] o.s.w.s.mvc.method.annotation.RequestMappingHandlerMapping [AbstractHandlerMethodMapping.java : 543] Mapped "{[/dept/dept_add]}" onto public java.lang.String com.stylefeng.guns.modular.system.controller.DeptController.deptAdd()
2018-04-17 15:48:28,046 [INFO] [restartedMain] o.s.w.s.mvc.method.annotation.RequestMappingHandlerMapping [AbstractHandlerMethodMapping.java : 543] Mapped "{[/dept/dept_update/{deptId}]}" onto public java.lang.String com.stylefeng.guns.modular.system.controller.DeptController.deptUpdate(java.lang.Integer,org.springframework.ui.Model)
2018-04-17 15:48:28,048 [INFO] [restartedMain] o.s.w.s.mvc.method.annotation.RequestMappingHandlerMapping [AbstractHandlerMethodMapping.java : 543] Mapped "{[/dict]}" onto public java.lang.String com.stylefeng.guns.modular.system.controller.DictController.index()
2018-04-17 15:48:28,049 [INFO] [restartedMain] o.s.w.s.mvc.method.annotation.RequestMappingHandlerMapping [AbstractHandlerMethodMapping.java : 543] Mapped "{[/dict/add]}" onto public java.lang.Object com.stylefeng.guns.modular.system.controller.DictController.add(java.lang.String,java.lang.String)
2018-04-17 15:48:28,049 [INFO] [restartedMain] o.s.w.s.mvc.method.annotation.RequestMappingHandlerMapping [AbstractHandlerMethodMapping.java : 543] Mapped "{[/dict/update]}" onto public java.lang.Object com.stylefeng.guns.modular.system.controller.DictController.update(java.lang.Integer,java.lang.String,java.lang.String)
2018-04-17 15:48:28,049 [INFO] [restartedMain] o.s.w.s.mvc.method.annotation.RequestMappingHandlerMapping [AbstractHandlerMethodMapping.java : 543] Mapped "{[/dict/delete]}" onto public java.lang.Object com.stylefeng.guns.modular.system.controller.DictController.delete(java.lang.Integer)
2018-04-17 15:48:28,050 [INFO] [restartedMain] o.s.w.s.mvc.method.annotation.RequestMappingHandlerMapping [AbstractHandlerMethodMapping.java : 543] Mapped "{[/dict/list]}" onto public java.lang.Object com.stylefeng.guns.modular.system.controller.DictController.list(java.lang.String)
2018-04-17 15:48:28,050 [INFO] [restartedMain] o.s.w.s.mvc.method.annotation.RequestMappingHandlerMapping [AbstractHandlerMethodMapping.java : 543] Mapped "{[/dict/detail/{dictId}]}" onto public java.lang.Object com.stylefeng.guns.modular.system.controller.DictController.detail(java.lang.Integer)
2018-04-17 15:48:28,050 [INFO] [restartedMain] o.s.w.s.mvc.method.annotation.RequestMappingHandlerMapping [AbstractHandlerMethodMapping.java : 543] Mapped "{[/dict/dict_add]}" onto public java.lang.String com.stylefeng.guns.modular.system.controller.DictController.deptAdd()
2018-04-17 15:48:28,051 [INFO] [restartedMain] o.s.w.s.mvc.method.annotation.RequestMappingHandlerMapping [AbstractHandlerMethodMapping.java : 543] Mapped "{[/dict/dict_edit/{dictId}]}" onto public java.lang.String com.stylefeng.guns.modular.system.controller.DictController.deptUpdate(java.lang.Integer,org.springframework.ui.Model)
2018-04-17 15:48:28,052 [INFO] [restartedMain] o.s.w.s.mvc.method.annotation.RequestMappingHandlerMapping [AbstractHandlerMethodMapping.java : 543] Mapped "{[/kaptcha]}" onto public void com.stylefeng.guns.modular.system.controller.KaptchaController.index(javax.servlet.http.HttpServletRequest,javax.servlet.http.HttpServletResponse)
2018-04-17 15:48:28,052 [INFO] [restartedMain] o.s.w.s.mvc.method.annotation.RequestMappingHandlerMapping [AbstractHandlerMethodMapping.java : 543] Mapped "{[/kaptcha/{pictureId}]}" onto public void com.stylefeng.guns.modular.system.controller.KaptchaController.renderPicture(java.lang.String,javax.servlet.http.HttpServletResponse)
2018-04-17 15:48:28,053 [INFO] [restartedMain] o.s.w.s.mvc.method.annotation.RequestMappingHandlerMapping [AbstractHandlerMethodMapping.java : 543] Mapped "{[/log]}" onto public java.lang.String com.stylefeng.guns.modular.system.controller.LogController.index()
2018-04-17 15:48:28,053 [INFO] [restartedMain] o.s.w.s.mvc.method.annotation.RequestMappingHandlerMapping [AbstractHandlerMethodMapping.java : 543] Mapped "{[/log/list]}" onto public java.lang.Object com.stylefeng.guns.modular.system.controller.LogController.list(java.lang.String,java.lang.String,java.lang.String,java.lang.Integer)
2018-04-17 15:48:28,054 [INFO] [restartedMain] o.s.w.s.mvc.method.annotation.RequestMappingHandlerMapping [AbstractHandlerMethodMapping.java : 543] Mapped "{[/log/detail/{id}]}" onto public java.lang.Object com.stylefeng.guns.modular.system.controller.LogController.detail(java.lang.Integer)
2018-04-17 15:48:28,054 [INFO] [restartedMain] o.s.w.s.mvc.method.annotation.RequestMappingHandlerMapping [AbstractHandlerMethodMapping.java : 543] Mapped "{[/log/delLog]}" onto public java.lang.Object com.stylefeng.guns.modular.system.controller.LogController.delLog()
2018-04-17 15:48:28,055 [INFO] [restartedMain] o.s.w.s.mvc.method.annotation.RequestMappingHandlerMapping [AbstractHandlerMethodMapping.java : 543] Mapped "{[/],methods=[GET]}" onto public java.lang.String com.stylefeng.guns.modular.system.controller.LoginController.index(org.springframework.ui.Model)
2018-04-17 15:48:28,055 [INFO] [restartedMain] o.s.w.s.mvc.method.annotation.RequestMappingHandlerMapping [AbstractHandlerMethodMapping.java : 543] Mapped "{[/login],methods=[GET]}" onto public java.lang.String com.stylefeng.guns.modular.system.controller.LoginController.login()
2018-04-17 15:48:28,056 [INFO] [restartedMain] o.s.w.s.mvc.method.annotation.RequestMappingHandlerMapping [AbstractHandlerMethodMapping.java : 543] Mapped "{[/login],methods=[POST]}" onto public java.lang.String com.stylefeng.guns.modular.system.controller.LoginController.loginVali()
2018-04-17 15:48:28,056 [INFO] [restartedMain] o.s.w.s.mvc.method.annotation.RequestMappingHandlerMapping [AbstractHandlerMethodMapping.java : 543] Mapped "{[/logout],methods=[GET]}" onto public java.lang.String com.stylefeng.guns.modular.system.controller.LoginController.logOut()
2018-04-17 15:48:28,057 [INFO] [restartedMain] o.s.w.s.mvc.method.annotation.RequestMappingHandlerMapping [AbstractHandlerMethodMapping.java : 543] Mapped "{[/loginLog]}" onto public java.lang.String com.stylefeng.guns.modular.system.controller.LoginLogController.index()
2018-04-17 15:48:28,058 [INFO] [restartedMain] o.s.w.s.mvc.method.annotation.RequestMappingHandlerMapping [AbstractHandlerMethodMapping.java : 543] Mapped "{[/loginLog/list]}" onto public java.lang.Object com.stylefeng.guns.modular.system.controller.LoginLogController.list(java.lang.String,java.lang.String,java.lang.String)
2018-04-17 15:48:28,058 [INFO] [restartedMain] o.s.w.s.mvc.method.annotation.RequestMappingHandlerMapping [AbstractHandlerMethodMapping.java : 543] Mapped "{[/loginLog/delLoginLog]}" onto public java.lang.Object com.stylefeng.guns.modular.system.controller.LoginLogController.delLog()
2018-04-17 15:48:28,060 [INFO] [restartedMain] o.s.w.s.mvc.method.annotation.RequestMappingHandlerMapping [AbstractHandlerMethodMapping.java : 543] Mapped "{[/menu]}" onto public java.lang.String com.stylefeng.guns.modular.system.controller.MenuController.index()
2018-04-17 15:48:28,060 [INFO] [restartedMain] o.s.w.s.mvc.method.annotation.RequestMappingHandlerMapping [AbstractHandlerMethodMapping.java : 543] Mapped "{[/menu/add]}" onto public com.stylefeng.guns.core.base.tips.Tip com.stylefeng.guns.modular.system.controller.MenuController.add(com.stylefeng.guns.modular.system.model.Menu,org.springframework.validation.BindingResult)
2018-04-17 15:48:28,061 [INFO] [restartedMain] o.s.w.s.mvc.method.annotation.RequestMappingHandlerMapping [AbstractHandlerMethodMapping.java : 543] Mapped "{[/menu/remove]}" onto public com.stylefeng.guns.core.base.tips.Tip com.stylefeng.guns.modular.system.controller.MenuController.remove(java.lang.Long)
2018-04-17 15:48:28,061 [INFO] [restartedMain] o.s.w.s.mvc.method.annotation.RequestMappingHandlerMapping [AbstractHandlerMethodMapping.java : 543] Mapped "{[/menu/list]}" onto public java.lang.Object com.stylefeng.guns.modular.system.controller.MenuController.list(java.lang.String,java.lang.String)
2018-04-17 15:48:28,062 [INFO] [restartedMain] o.s.w.s.mvc.method.annotation.RequestMappingHandlerMapping [AbstractHandlerMethodMapping.java : 543] Mapped "{[/menu/view/{menuId}]}" onto public com.stylefeng.guns.core.base.tips.Tip com.stylefeng.guns.modular.system.controller.MenuController.view(java.lang.Long)
2018-04-17 15:48:28,062 [INFO] [restartedMain] o.s.w.s.mvc.method.annotation.RequestMappingHandlerMapping [AbstractHandlerMethodMapping.java : 543] Mapped "{[/menu/menu_add]}" onto public java.lang.String com.stylefeng.guns.modular.system.controller.MenuController.menuAdd()
2018-04-17 15:48:28,062 [INFO] [restartedMain] o.s.w.s.mvc.method.annotation.RequestMappingHandlerMapping [AbstractHandlerMethodMapping.java : 543] Mapped "{[/menu/menu_edit/{menuId}]}" onto public java.lang.String com.stylefeng.guns.modular.system.controller.MenuController.menuEdit(java.lang.Long,org.springframework.ui.Model)
2018-04-17 15:48:28,063 [INFO] [restartedMain] o.s.w.s.mvc.method.annotation.RequestMappingHandlerMapping [AbstractHandlerMethodMapping.java : 543] Mapped "{[/menu/edit]}" onto public com.stylefeng.guns.core.base.tips.Tip com.stylefeng.guns.modular.system.controller.MenuController.edit(com.stylefeng.guns.modular.system.model.Menu,org.springframework.validation.BindingResult)
2018-04-17 15:48:28,063 [INFO] [restartedMain] o.s.w.s.mvc.method.annotation.RequestMappingHandlerMapping [AbstractHandlerMethodMapping.java : 543] Mapped "{[/menu/menuTreeList]}" onto public java.util.List<com.stylefeng.guns.core.node.ZTreeNode> com.stylefeng.guns.modular.system.controller.MenuController.menuTreeList()
2018-04-17 15:48:28,063 [INFO] [restartedMain] o.s.w.s.mvc.method.annotation.RequestMappingHandlerMapping [AbstractHandlerMethodMapping.java : 543] Mapped "{[/menu/selectMenuTreeList]}" onto public java.util.List<com.stylefeng.guns.core.node.ZTreeNode> com.stylefeng.guns.modular.system.controller.MenuController.selectMenuTreeList()
2018-04-17 15:48:28,064 [INFO] [restartedMain] o.s.w.s.mvc.method.annotation.RequestMappingHandlerMapping [AbstractHandlerMethodMapping.java : 543] Mapped "{[/menu/menuTreeListByRoleId/{roleId}]}" onto public java.util.List<com.stylefeng.guns.core.node.ZTreeNode> com.stylefeng.guns.modular.system.controller.MenuController.menuTreeListByRoleId(java.lang.Integer)
2018-04-17 15:48:28,065 [INFO] [restartedMain] o.s.w.s.mvc.method.annotation.RequestMappingHandlerMapping [AbstractHandlerMethodMapping.java : 543] Mapped "{[/notice]}" onto public java.lang.String com.stylefeng.guns.modular.system.controller.NoticeController.index()
2018-04-17 15:48:28,066 [INFO] [restartedMain] o.s.w.s.mvc.method.annotation.RequestMappingHandlerMapping [AbstractHandlerMethodMapping.java : 543] Mapped "{[/notice/add]}" onto public java.lang.Object com.stylefeng.guns.modular.system.controller.NoticeController.add(com.stylefeng.guns.modular.system.model.Notice)
2018-04-17 15:48:28,066 [INFO] [restartedMain] o.s.w.s.mvc.method.annotation.RequestMappingHandlerMapping [AbstractHandlerMethodMapping.java : 543] Mapped "{[/notice/update]}" onto public java.lang.Object com.stylefeng.guns.modular.system.controller.NoticeController.update(com.stylefeng.guns.modular.system.model.Notice)
2018-04-17 15:48:28,067 [INFO] [restartedMain] o.s.w.s.mvc.method.annotation.RequestMappingHandlerMapping [AbstractHandlerMethodMapping.java : 543] Mapped "{[/notice/delete]}" onto public java.lang.Object com.stylefeng.guns.modular.system.controller.NoticeController.delete(java.lang.Integer)
2018-04-17 15:48:28,067 [INFO] [restartedMain] o.s.w.s.mvc.method.annotation.RequestMappingHandlerMapping [AbstractHandlerMethodMapping.java : 543] Mapped "{[/notice/list]}" onto public java.lang.Object com.stylefeng.guns.modular.system.controller.NoticeController.list(java.lang.String)
2018-04-17 15:48:28,067 [INFO] [restartedMain] o.s.w.s.mvc.method.annotation.RequestMappingHandlerMapping [AbstractHandlerMethodMapping.java : 543] Mapped "{[/notice/notice_add]}" onto public java.lang.String com.stylefeng.guns.modular.system.controller.NoticeController.noticeAdd()
2018-04-17 15:48:28,068 [INFO] [restartedMain] o.s.w.s.mvc.method.annotation.RequestMappingHandlerMapping [AbstractHandlerMethodMapping.java : 543] Mapped "{[/notice/notice_update/{noticeId}]}" onto public java.lang.String com.stylefeng.guns.modular.system.controller.NoticeController.noticeUpdate(java.lang.Integer,org.springframework.ui.Model)
2018-04-17 15:48:28,068 [INFO] [restartedMain] o.s.w.s.mvc.method.annotation.RequestMappingHandlerMapping [AbstractHandlerMethodMapping.java : 543] Mapped "{[/notice/hello]}" onto public java.lang.String com.stylefeng.guns.modular.system.controller.NoticeController.hello()
2018-04-17 15:48:28,070 [INFO] [restartedMain] o.s.w.s.mvc.method.annotation.RequestMappingHandlerMapping [AbstractHandlerMethodMapping.java : 543] Mapped "{[/role]}" onto public java.lang.String com.stylefeng.guns.modular.system.controller.RoleController.index()
2018-04-17 15:48:28,071 [INFO] [restartedMain] o.s.w.s.mvc.method.annotation.RequestMappingHandlerMapping [AbstractHandlerMethodMapping.java : 543] Mapped "{[/role/add]}" onto public com.stylefeng.guns.core.base.tips.Tip com.stylefeng.guns.modular.system.controller.RoleController.add(com.stylefeng.guns.modular.system.model.Role,org.springframework.validation.BindingResult)
2018-04-17 15:48:28,071 [INFO] [restartedMain] o.s.w.s.mvc.method.annotation.RequestMappingHandlerMapping [AbstractHandlerMethodMapping.java : 543] Mapped "{[/role/remove]}" onto public com.stylefeng.guns.core.base.tips.Tip com.stylefeng.guns.modular.system.controller.RoleController.remove(java.lang.Integer)
2018-04-17 15:48:28,072 [INFO] [restartedMain] o.s.w.s.mvc.method.annotation.RequestMappingHandlerMapping [AbstractHandlerMethodMapping.java : 543] Mapped "{[/role/list]}" onto public java.lang.Object com.stylefeng.guns.modular.system.controller.RoleController.list(java.lang.String)
2018-04-17 15:48:28,072 [INFO] [restartedMain] o.s.w.s.mvc.method.annotation.RequestMappingHandlerMapping [AbstractHandlerMethodMapping.java : 543] Mapped "{[/role/view/{roleId}]}" onto public com.stylefeng.guns.core.base.tips.Tip com.stylefeng.guns.modular.system.controller.RoleController.view(java.lang.Integer)
2018-04-17 15:48:28,073 [INFO] [restartedMain] o.s.w.s.mvc.method.annotation.RequestMappingHandlerMapping [AbstractHandlerMethodMapping.java : 543] Mapped "{[/role/edit]}" onto public com.stylefeng.guns.core.base.tips.Tip com.stylefeng.guns.modular.system.controller.RoleController.edit(com.stylefeng.guns.modular.system.model.Role,org.springframework.validation.BindingResult)
2018-04-17 15:48:28,073 [INFO] [restartedMain] o.s.w.s.mvc.method.annotation.RequestMappingHandlerMapping [AbstractHandlerMethodMapping.java : 543] Mapped "{[/role/roleTreeList]}" onto public java.util.List<com.stylefeng.guns.core.node.ZTreeNode> com.stylefeng.guns.modular.system.controller.RoleController.roleTreeList()
2018-04-17 15:48:28,073 [INFO] [restartedMain] o.s.w.s.mvc.method.annotation.RequestMappingHandlerMapping [AbstractHandlerMethodMapping.java : 543] Mapped "{[/role/roleTreeListByUserId/{userId}]}" onto public java.util.List<com.stylefeng.guns.core.node.ZTreeNode> com.stylefeng.guns.modular.system.controller.RoleController.roleTreeListByUserId(java.lang.Integer)
2018-04-17 15:48:28,074 [INFO] [restartedMain] o.s.w.s.mvc.method.annotation.RequestMappingHandlerMapping [AbstractHandlerMethodMapping.java : 543] Mapped "{[/role/role_add]}" onto public java.lang.String com.stylefeng.guns.modular.system.controller.RoleController.roleAdd()
2018-04-17 15:48:28,074 [INFO] [restartedMain] o.s.w.s.mvc.method.annotation.RequestMappingHandlerMapping [AbstractHandlerMethodMapping.java : 543] Mapped "{[/role/role_edit/{roleId}]}" onto public java.lang.String com.stylefeng.guns.modular.system.controller.RoleController.roleEdit(java.lang.Integer,org.springframework.ui.Model)
2018-04-17 15:48:28,074 [INFO] [restartedMain] o.s.w.s.mvc.method.annotation.RequestMappingHandlerMapping [AbstractHandlerMethodMapping.java : 543] Mapped "{[/role/role_assign/{roleId}]}" onto public java.lang.String com.stylefeng.guns.modular.system.controller.RoleController.roleAssign(java.lang.Integer,org.springframework.ui.Model)
2018-04-17 15:48:28,075 [INFO] [restartedMain] o.s.w.s.mvc.method.annotation.RequestMappingHandlerMapping [AbstractHandlerMethodMapping.java : 543] Mapped "{[/role/setAuthority]}" onto public com.stylefeng.guns.core.base.tips.Tip com.stylefeng.guns.modular.system.controller.RoleController.setAuthority(java.lang.Integer,java.lang.String)
2018-04-17 15:48:28,077 [INFO] [restartedMain] o.s.w.s.mvc.method.annotation.RequestMappingHandlerMapping [AbstractHandlerMethodMapping.java : 543] Mapped "{[/mgr]}" onto public java.lang.String com.stylefeng.guns.modular.system.controller.UserMgrController.index()
2018-04-17 15:48:28,077 [INFO] [restartedMain] o.s.w.s.mvc.method.annotation.RequestMappingHandlerMapping [AbstractHandlerMethodMapping.java : 543] Mapped "{[/mgr/add]}" onto public com.stylefeng.guns.core.base.tips.Tip com.stylefeng.guns.modular.system.controller.UserMgrController.add(com.stylefeng.guns.modular.system.transfer.UserDto,org.springframework.validation.BindingResult)
2018-04-17 15:48:28,078 [INFO] [restartedMain] o.s.w.s.mvc.method.annotation.RequestMappingHandlerMapping [AbstractHandlerMethodMapping.java : 543] Mapped "{[/mgr/delete]}" onto public com.stylefeng.guns.core.base.tips.Tip com.stylefeng.guns.modular.system.controller.UserMgrController.delete(java.lang.Integer)
2018-04-17 15:48:28,078 [INFO] [restartedMain] o.s.w.s.mvc.method.annotation.RequestMappingHandlerMapping [AbstractHandlerMethodMapping.java : 543] Mapped "{[/mgr/list]}" onto public java.lang.Object com.stylefeng.guns.modular.system.controller.UserMgrController.list(java.lang.String,java.lang.String,java.lang.String,java.lang.Integer)
2018-04-17 15:48:28,079 [INFO] [restartedMain] o.s.w.s.mvc.method.annotation.RequestMappingHandlerMapping [AbstractHandlerMethodMapping.java : 543] Mapped "{[/mgr/reset]}" onto public com.stylefeng.guns.core.base.tips.Tip com.stylefeng.guns.modular.system.controller.UserMgrController.reset(java.lang.Integer)
2018-04-17 15:48:28,079 [INFO] [restartedMain] o.s.w.s.mvc.method.annotation.RequestMappingHandlerMapping [AbstractHandlerMethodMapping.java : 543] Mapped "{[/mgr/user_info]}" onto public java.lang.String com.stylefeng.guns.modular.system.controller.UserMgrController.userInfo(org.springframework.ui.Model)
2018-04-17 15:48:28,080 [INFO] [restartedMain] o.s.w.s.mvc.method.annotation.RequestMappingHandlerMapping [AbstractHandlerMethodMapping.java : 543] Mapped "{[/mgr/setRole]}" onto public com.stylefeng.guns.core.base.tips.Tip com.stylefeng.guns.modular.system.controller.UserMgrController.setRole(java.lang.Integer,java.lang.String)
2018-04-17 15:48:28,080 [INFO] [restartedMain] o.s.w.s.mvc.method.annotation.RequestMappingHandlerMapping [AbstractHandlerMethodMapping.java : 543] Mapped "{[/mgr/user_chpwd]}" onto public java.lang.String com.stylefeng.guns.modular.system.controller.UserMgrController.chPwd()
2018-04-17 15:48:28,080 [INFO] [restartedMain] o.s.w.s.mvc.method.annotation.RequestMappingHandlerMapping [AbstractHandlerMethodMapping.java : 543] Mapped "{[/mgr/user_edit/{userId}]}" onto public java.lang.String com.stylefeng.guns.modular.system.controller.UserMgrController.userEdit(java.lang.Integer,org.springframework.ui.Model)
2018-04-17 15:48:28,081 [INFO] [restartedMain] o.s.w.s.mvc.method.annotation.RequestMappingHandlerMapping [AbstractHandlerMethodMapping.java : 543] Mapped "{[/mgr/user_add]}" onto public java.lang.String com.stylefeng.guns.modular.system.controller.UserMgrController.addView()
2018-04-17 15:48:28,081 [INFO] [restartedMain] o.s.w.s.mvc.method.annotation.RequestMappingHandlerMapping [AbstractHandlerMethodMapping.java : 543] Mapped "{[/mgr/view/{userId}]}" onto public com.stylefeng.guns.modular.system.model.User com.stylefeng.guns.modular.system.controller.UserMgrController.view(java.lang.Integer)
2018-04-17 15:48:28,081 [INFO] [restartedMain] o.s.w.s.mvc.method.annotation.RequestMappingHandlerMapping [AbstractHandlerMethodMapping.java : 543] Mapped "{[/mgr/edit]}" onto public com.stylefeng.guns.core.base.tips.Tip com.stylefeng.guns.modular.system.controller.UserMgrController.edit(com.stylefeng.guns.modular.system.transfer.UserDto,org.springframework.validation.BindingResult) throws javax.naming.NoPermissionException
2018-04-17 15:48:28,082 [INFO] [restartedMain] o.s.w.s.mvc.method.annotation.RequestMappingHandlerMapping [AbstractHandlerMethodMapping.java : 543] Mapped "{[/mgr/role_assign/{userId}]}" onto public java.lang.String com.stylefeng.guns.modular.system.controller.UserMgrController.roleAssign(java.lang.Integer,org.springframework.ui.Model)
2018-04-17 15:48:28,082 [INFO] [restartedMain] o.s.w.s.mvc.method.annotation.RequestMappingHandlerMapping [AbstractHandlerMethodMapping.java : 543] Mapped "{[/mgr/changePwd]}" onto public java.lang.Object com.stylefeng.guns.modular.system.controller.UserMgrController.changePwd(java.lang.String,java.lang.String,java.lang.String)
2018-04-17 15:48:28,082 [INFO] [restartedMain] o.s.w.s.mvc.method.annotation.RequestMappingHandlerMapping [AbstractHandlerMethodMapping.java : 543] Mapped "{[/mgr/freeze]}" onto public com.stylefeng.guns.core.base.tips.Tip com.stylefeng.guns.modular.system.controller.UserMgrController.freeze(java.lang.Integer)
2018-04-17 15:48:28,083 [INFO] [restartedMain] o.s.w.s.mvc.method.annotation.RequestMappingHandlerMapping [AbstractHandlerMethodMapping.java : 543] Mapped "{[/mgr/unfreeze]}" onto public com.stylefeng.guns.core.base.tips.Tip com.stylefeng.guns.modular.system.controller.UserMgrController.unfreeze(java.lang.Integer)
2018-04-17 15:48:28,083 [INFO] [restartedMain] o.s.w.s.mvc.method.annotation.RequestMappingHandlerMapping [AbstractHandlerMethodMapping.java : 543] Mapped "{[/mgr/upload],methods=[POST]}" onto public java.lang.String com.stylefeng.guns.modular.system.controller.UserMgrController.upload(org.springframework.web.multipart.MultipartFile)
2018-04-17 15:48:28,084 [INFO] [restartedMain] o.s.w.s.mvc.method.annotation.RequestMappingHandlerMapping [AbstractHandlerMethodMapping.java : 543] Mapped "{[/global/error]}" onto public java.lang.String com.stylefeng.guns.core.base.controller.GlobalController.errorPage()
2018-04-17 15:48:28,084 [INFO] [restartedMain] o.s.w.s.mvc.method.annotation.RequestMappingHandlerMapping [AbstractHandlerMethodMapping.java : 543] Mapped "{[/global/sessionError]}" onto public java.lang.String com.stylefeng.guns.core.base.controller.GlobalController.errorPageInfo(org.springframework.ui.Model)
2018-04-17 15:48:28,085 [INFO] [restartedMain] o.s.w.s.mvc.method.annotation.RequestMappingHandlerMapping [AbstractHandlerMethodMapping.java : 543] Mapped "{[/v2/api-docs],methods=[GET]}" onto public org.springframework.http.ResponseEntity<springfox.documentation.spring.web.json.Json> springfox.documentation.swagger2.web.Swagger2Controller.getDocumentation(java.lang.String)
2018-04-17 15:48:28,088 [INFO] [restartedMain] o.s.w.s.mvc.method.annotation.RequestMappingHandlerMapping [AbstractHandlerMethodMapping.java : 543] Mapped "{[/configuration/security]}" onto org.springframework.http.ResponseEntity<springfox.documentation.swagger.web.SecurityConfiguration> springfox.documentation.swagger.web.ApiResourceController.securityConfiguration()
2018-04-17 15:48:28,089 [INFO] [restartedMain] o.s.w.s.mvc.method.annotation.RequestMappingHandlerMapping [AbstractHandlerMethodMapping.java : 543] Mapped "{[/configuration/ui]}" onto org.springframework.http.ResponseEntity<springfox.documentation.swagger.web.UiConfiguration> springfox.documentation.swagger.web.ApiResourceController.uiConfiguration()
2018-04-17 15:48:28,089 [INFO] [restartedMain] o.s.w.s.mvc.method.annotation.RequestMappingHandlerMapping [AbstractHandlerMethodMapping.java : 543] Mapped "{[/swagger-resources]}" onto org.springframework.http.ResponseEntity<java.util.List<springfox.documentation.swagger.web.SwaggerResource>> springfox.documentation.swagger.web.ApiResourceController.swaggerResources()
2018-04-17 15:48:28,091 [INFO] [restartedMain] o.s.w.s.mvc.method.annotation.RequestMappingHandlerMapping [AbstractHandlerMethodMapping.java : 543] Mapped "{[/error]}" onto public org.springframework.http.ResponseEntity<java.util.Map<java.lang.String, java.lang.Object>> org.springframework.boot.autoconfigure.web.BasicErrorController.error(javax.servlet.http.HttpServletRequest)
2018-04-17 15:48:28,092 [INFO] [restartedMain] o.s.w.s.mvc.method.annotation.RequestMappingHandlerMapping [AbstractHandlerMethodMapping.java : 543] Mapped "{[/error],produces=[text/html]}" onto public org.springframework.web.servlet.ModelAndView org.springframework.boot.autoconfigure.web.BasicErrorController.errorHtml(javax.servlet.http.HttpServletRequest,javax.servlet.http.HttpServletResponse)
2018-04-17 15:48:29,165 [INFO] [restartedMain] o.s.w.s.mvc.method.annotation.RequestMappingHandlerAdapter [RequestMappingHandlerAdapter.java : 534] Looking for @ControllerAdvice: org.springframework.boot.context.embedded.AnnotationConfigEmbeddedWebApplicationContext@7341ddcd: startup date [Tue Apr 17 15:48:13 CST 2018]; root of context hierarchy
2018-04-17 15:48:29,303 [INFO] [restartedMain] o.s.web.servlet.handler.SimpleUrlHandlerMapping [AbstractUrlHandlerMapping.java : 362] Mapped URL path [/swagger-ui.html] onto handler of type [class org.springframework.web.servlet.resource.ResourceHttpRequestHandler]
2018-04-17 15:48:29,304 [INFO] [restartedMain] o.s.web.servlet.handler.SimpleUrlHandlerMapping [AbstractUrlHandlerMapping.java : 362] Mapped URL path [/webjars/**] onto handler of type [class org.springframework.web.servlet.resource.ResourceHttpRequestHandler]
2018-04-17 15:48:29,304 [INFO] [restartedMain] o.s.web.servlet.handler.SimpleUrlHandlerMapping [AbstractUrlHandlerMapping.java : 362] Mapped URL path [/static/**] onto handler of type [class org.springframework.web.servlet.resource.ResourceHttpRequestHandler]
2018-04-17 15:48:29,346 [INFO] [restartedMain] o.s.w.s.m.m.annotation.ExceptionHandlerExceptionResolver [ExceptionHandlerExceptionResolver.java : 273] Detected @ExceptionHandler methods in globalExceptionHandler
2018-04-17 15:48:29,419 [INFO] [restartedMain] o.s.web.servlet.handler.SimpleUrlHandlerMapping [AbstractUrlHandlerMapping.java : 362] Mapped URL path [/**/favicon.ico] onto handler of type [class org.springframework.web.servlet.resource.ResourceHttpRequestHandler]
2018-04-17 15:48:30,205 [INFO] [restartedMain] o.s.boot.devtools.autoconfigure.OptionalLiveReloadServer [OptionalLiveReloadServer.java : 58] LiveReload server is running on port 35729
2018-04-17 15:48:30,298 [INFO] [restartedMain] o.s.jmx.export.annotation.AnnotationMBeanExporter [MBeanExporter.java : 431] Registering beans for JMX exposure on startup
2018-04-17 15:48:30,316 [INFO] [restartedMain] s.d.spring.web.plugins.DocumentationPluginsBootstrapper [DocumentationPluginsBootstrapper.java : 80] Context refreshed
2018-04-17 15:48:30,348 [INFO] [restartedMain] s.d.spring.web.plugins.DocumentationPluginsBootstrapper [DocumentationPluginsBootstrapper.java : 83] Found {0} custom documentation plugin(s)
2018-04-17 15:48:30,363 [INFO] [restartedMain] s.d.spring.web.scanners.ApiListingReferenceScanner [ApiListingReferenceScanner.java : 53] Scanning for api listing references
2018-04-17 15:48:30,372 [INFO] [restartedMain] s.d.swagger.web.ClassOrApiAnnotationResourceGrouping [ClassOrApiAnnotationResourceGrouping.java : 100] Group for method generate was code-controller
2018-04-17 15:48:30,387 [INFO] [restartedMain] s.d.spring.web.scanners.ApiListingReferenceScanner [ApiListingReferenceScanner.java : 72] Request mapping: generate belongs to groups: [[ResourceGroup{groupName='code-controller', position=0, controller=com.stylefeng.guns.modular.code.controller.CodeController}]] 
2018-04-17 15:48:30,397 [INFO] [restartedMain] s.d.spring.web.scanners.ApiListingReferenceScanner [ApiListingReferenceScanner.java : 84] Created resource listing Path: /default/code-controller Description: code-controller Position: 0
2018-04-17 15:48:30,429 [INFO] [restartedMain] springfox.documentation.schema.ModelContextKeyGenerator [ModelContextKeyGenerator.java : 46] Cache Key Generated: java.lang.Object(true)
2018-04-17 15:48:30,429 [INFO] [restartedMain] springfox.documentation.spring.web.caching.CachingAspect [CachingAspect.java : 79] Caching aspect applied for cache models with key java.lang.Object(true)
2018-04-17 15:48:30,440 [INFO] [restartedMain] springfox.documentation.schema.ModelContextKeyGenerator [ModelContextKeyGenerator.java : 46] Cache Key Generated: java.lang.Object(true)
2018-04-17 15:48:30,440 [INFO] [restartedMain] springfox.documentation.spring.web.caching.CachingAspect [CachingAspect.java : 79] Caching aspect applied for cache modelDependencies with key java.lang.Object(true)
2018-04-17 15:48:30,449 [INFO] [restartedMain] springfox.documentation.spring.web.OperationsKeyGenerator [OperationsKeyGenerator.java : 51] Cache key generated: /code/generate.com.stylefeng.guns.modular.code.controller.CodeController.generate.DefaultGenericTypeNamingStrategy
2018-04-17 15:48:30,450 [INFO] [restartedMain] springfox.documentation.spring.web.caching.CachingAspect [CachingAspect.java : 68] Caching aspect applied for cache operations with key /code/generate.com.stylefeng.guns.modular.code.controller.CodeController.generate.DefaultGenericTypeNamingStrategy
2018-04-17 15:48:30,483 [INFO] [restartedMain] s.d.swagger.web.ClassOrApiAnnotationResourceGrouping [ClassOrApiAnnotationResourceGrouping.java : 100] Group for method generate was code-controller
2018-04-17 15:48:30,506 [INFO] [restartedMain] s.d.swagger.web.ClassOrApiAnnotationResourceGrouping [ClassOrApiAnnotationResourceGrouping.java : 100] Group for method generate was code-controller
2018-04-17 15:48:30,608 [INFO] [restartedMain] o.s.b.context.embedded.tomcat.TomcatEmbeddedServletContainer [TomcatEmbeddedServletContainer.java : 201] Tomcat started on port(s): 8081 (http)
2018-04-17 15:48:30,617 [INFO] [restartedMain] com.stylefeng.guns.GunsApplication [StartupInfoLogger.java : 57] Started GunsApplication in 18.664 seconds (JVM running for 19.76)
2018-04-17 15:48:30,617 [INFO] [restartedMain] com.stylefeng.guns.GunsApplication [GunsApplication.java : 21] GunsApplication is success!
2018-04-17 15:48:55,994 [INFO] [http-nio-8081-exec-1] o.a.catalina.core.ContainerBase.[Tomcat].[localhost].[/] [DirectJDKLog.java : 179] Initializing Spring FrameworkServlet 'dispatcherServlet'
2018-04-17 15:48:55,995 [INFO] [http-nio-8081-exec-1] org.springframework.web.servlet.DispatcherServlet [FrameworkServlet.java : 489] FrameworkServlet 'dispatcherServlet': initialization started
2018-04-17 15:48:56,031 [INFO] [http-nio-8081-exec-1] org.springframework.web.servlet.DispatcherServlet [FrameworkServlet.java : 508] FrameworkServlet 'dispatcherServlet': initialization completed in 36 ms
2018-04-17 15:48:56,056 [INFO] [http-nio-8081-exec-1] o.apache.shiro.session.mgt.AbstractValidatingSessionManager [AbstractValidatingSessionManager.java : 233] Enabling session validation scheduler...
2018-04-17 15:49:12,674 [DEBUG] [http-nio-8081-exec-10] c.stylefeng.guns.modular.system.dao.UserMapper.getByAccount [BaseJdbcLogger.java : 159] ==>  Preparing: select id, account, name, birthday,password, sex, email, avatar, phone, roleid,salt, deptid, status, createtime, version from sys_user where account = ? and status != 3 
2018-04-17 15:49:12,688 [DEBUG] [http-nio-8081-exec-10] c.stylefeng.guns.modular.system.dao.UserMapper.getByAccount [BaseJdbcLogger.java : 159] ==> Parameters: admin(String)
2018-04-17 15:49:12,702 [DEBUG] [http-nio-8081-exec-10] c.stylefeng.guns.modular.system.dao.UserMapper.getByAccount [BaseJdbcLogger.java : 159] <==      Total: 1
2018-04-17 15:49:12,767 [DEBUG] [http-nio-8081-exec-10] com.stylefeng.guns.modular.system.dao.DeptMapper.selectById [BaseJdbcLogger.java : 159] ==>  Preparing: SELECT id AS id,num,pid,pids,simplename,fullname,tips,version FROM sys_dept WHERE id=? 
2018-04-17 15:49:12,768 [DEBUG] [http-nio-8081-exec-10] com.stylefeng.guns.modular.system.dao.DeptMapper.selectById [BaseJdbcLogger.java : 159] ==> Parameters: 27(Integer)
2018-04-17 15:49:12,772 [DEBUG] [http-nio-8081-exec-10] com.stylefeng.guns.modular.system.dao.DeptMapper.selectById [BaseJdbcLogger.java : 159] <==      Total: 1
2018-04-17 15:49:12,784 [DEBUG] [http-nio-8081-exec-10] com.stylefeng.guns.modular.system.dao.RoleMapper.selectById [BaseJdbcLogger.java : 159] ==>  Preparing: SELECT id AS id,num,pid,`name`,deptid,tips,version FROM sys_role WHERE id=? 
2018-04-17 15:49:12,785 [DEBUG] [http-nio-8081-exec-10] com.stylefeng.guns.modular.system.dao.RoleMapper.selectById [BaseJdbcLogger.java : 159] ==> Parameters: 1(Integer)
2018-04-17 15:49:12,787 [DEBUG] [http-nio-8081-exec-10] com.stylefeng.guns.modular.system.dao.RoleMapper.selectById [BaseJdbcLogger.java : 159] <==      Total: 1
2018-04-17 15:49:12,825 [DEBUG] [pool-1-thread-1] com.stylefeng.guns.modular.system.dao.LoginLogMapper.insert [BaseJdbcLogger.java : 159] ==>  Preparing: INSERT INTO sys_login_log ( logname, userid, createtime, succeed, ip ) VALUES ( ?, ?, ?, ?, ? ) 
2018-04-17 15:49:12,827 [DEBUG] [pool-1-thread-1] com.stylefeng.guns.modular.system.dao.LoginLogMapper.insert [BaseJdbcLogger.java : 159] ==> Parameters: (String), 1(Integer), 2018-04-17 15:49:12.822(Timestamp), (String), 0:0:0:0:0:0:0:1(String)
2018-04-17 15:49:12,835 [DEBUG] [pool-1-thread-1] com.stylefeng.guns.modular.system.dao.LoginLogMapper.insert [BaseJdbcLogger.java : 159] <==    Updates: 1
2018-04-17 15:49:12,853 [DEBUG] [http-nio-8081-exec-2] c.s.guns.modular.system.dao.MenuMapper.getMenusByRoleIds [BaseJdbcLogger.java : 159] ==>  Preparing: SELECT m1.id AS id, m1.icon AS icon, ( CASE WHEN (m2.id = 0 OR m2.id IS NULL) THEN 0 ELSE m2.id END ) AS parentId, m1.NAME as name, m1.url as url, m1.levels as levels, m1.ismenu as ismenu, m1.num as num FROM sys_menu m1 LEFT join sys_menu m2 ON m1.pcode = m2. CODE INNER JOIN ( SELECT ID FROM sys_menu WHERE ID IN ( SELECT menuid FROM sys_relation rela WHERE rela.roleid IN ( ? ) ) ) m3 ON m1.id = m3.id where m1.ismenu = 1 order by levels,num asc 
2018-04-17 15:49:12,859 [DEBUG] [http-nio-8081-exec-2] c.s.guns.modular.system.dao.MenuMapper.getMenusByRoleIds [BaseJdbcLogger.java : 159] ==> Parameters: 1(Integer)
2018-04-17 15:49:12,872 [DEBUG] [http-nio-8081-exec-2] c.s.guns.modular.system.dao.MenuMapper.getMenusByRoleIds [BaseJdbcLogger.java : 159] <==      Total: 16
2018-04-17 15:49:12,888 [DEBUG] [http-nio-8081-exec-2] com.stylefeng.guns.modular.system.dao.UserMapper.selectById [BaseJdbcLogger.java : 159] ==>  Preparing: SELECT id AS id,avatar,account,`password`,salt,`name`,birthday,sex,email,phone,roleid,deptid,`status`,createtime,version FROM sys_user WHERE id=? 
2018-04-17 15:49:12,889 [DEBUG] [http-nio-8081-exec-2] com.stylefeng.guns.modular.system.dao.UserMapper.selectById [BaseJdbcLogger.java : 159] ==> Parameters: 1(Integer)
2018-04-17 15:49:12,891 [DEBUG] [http-nio-8081-exec-2] com.stylefeng.guns.modular.system.dao.UserMapper.selectById [BaseJdbcLogger.java : 159] <==      Total: 1
2018-04-17 15:49:13,033 [DEBUG] [http-nio-8081-exec-1] com.stylefeng.guns.modular.system.dao.NoticeMapper.list [BaseJdbcLogger.java : 159] ==>  Preparing: select * from sys_notice order by createtime DESC 
2018-04-17 15:49:13,034 [DEBUG] [http-nio-8081-exec-1] com.stylefeng.guns.modular.system.dao.NoticeMapper.list [BaseJdbcLogger.java : 159] ==> Parameters: 
2018-04-17 15:49:13,053 [DEBUG] [http-nio-8081-exec-1] com.stylefeng.guns.modular.system.dao.NoticeMapper.list [BaseJdbcLogger.java : 159] <==      Total: 2
2018-04-17 15:49:13,067 [ERROR] [http-nio-8081-exec-8] com.stylefeng.guns.core.util.FileUtil [FileUtil.java : 25] /var/folders/zb/cc5j68_x3yq_qfvg4d4zs7yh0000gn/T/girl.jpg
2018-04-17 15:49:14,803 [DEBUG] [http-nio-8081-exec-2] com.stylefeng.guns.modular.system.dao.NoticeMapper.list [BaseJdbcLogger.java : 159] ==>  Preparing: select * from sys_notice order by createtime DESC 
2018-04-17 15:49:14,806 [DEBUG] [http-nio-8081-exec-2] com.stylefeng.guns.modular.system.dao.NoticeMapper.list [BaseJdbcLogger.java : 159] ==> Parameters: 
2018-04-17 15:49:14,809 [DEBUG] [http-nio-8081-exec-2] com.stylefeng.guns.modular.system.dao.NoticeMapper.list [BaseJdbcLogger.java : 159] <==      Total: 2
2018-04-17 15:49:16,910 [DEBUG] [http-nio-8081-exec-5] c.stylefeng.guns.modular.system.dao.MenuMapper.menuTreeList [BaseJdbcLogger.java : 159] ==>  Preparing: SELECT m1.id AS id, ( CASE WHEN (m2.id = 0 OR m2.id IS NULL) THEN 0 ELSE m2.id END ) AS pId, m1. NAME AS NAME, ( CASE WHEN (m2.id = 0 OR m2.id IS NULL) THEN 'true' ELSE 'false' END ) as isOpen FROM sys_menu m1 LEFT join sys_menu m2 ON m1.pcode = m2. CODE ORDER BY m1.id ASC 
2018-04-17 15:49:16,912 [DEBUG] [http-nio-8081-exec-5] c.stylefeng.guns.modular.system.dao.MenuMapper.menuTreeList [BaseJdbcLogger.java : 159] ==> Parameters: 
2018-04-17 15:49:16,924 [DEBUG] [http-nio-8081-exec-5] c.stylefeng.guns.modular.system.dao.MenuMapper.menuTreeList [BaseJdbcLogger.java : 159] <==      Total: 58
2018-04-17 15:49:19,299 [DEBUG] [http-nio-8081-exec-9] c.s.guns.modular.system.dao.MenuMapper.getResUrlsByRoleId [BaseJdbcLogger.java : 159] ==>  Preparing: select url from sys_relation rel inner join sys_menu m on rel.menuid = m.id where rel.roleid = ? 
2018-04-17 15:49:19,300 [DEBUG] [http-nio-8081-exec-9] c.s.guns.modular.system.dao.MenuMapper.getResUrlsByRoleId [BaseJdbcLogger.java : 159] ==> Parameters: 1(Integer)
2018-04-17 15:49:19,308 [DEBUG] [http-nio-8081-exec-9] c.s.guns.modular.system.dao.MenuMapper.getResUrlsByRoleId [BaseJdbcLogger.java : 159] <==      Total: 58
2018-04-17 15:49:19,313 [DEBUG] [http-nio-8081-exec-9] com.stylefeng.guns.modular.system.dao.RoleMapper.selectById [BaseJdbcLogger.java : 159] ==>  Preparing: SELECT id AS id,num,pid,`name`,deptid,tips,version FROM sys_role WHERE id=? 
2018-04-17 15:49:19,314 [DEBUG] [http-nio-8081-exec-9] com.stylefeng.guns.modular.system.dao.RoleMapper.selectById [BaseJdbcLogger.java : 159] ==> Parameters: 1(Integer)
2018-04-17 15:49:19,316 [DEBUG] [http-nio-8081-exec-9] com.stylefeng.guns.modular.system.dao.RoleMapper.selectById [BaseJdbcLogger.java : 159] <==      Total: 1
2018-04-17 15:49:19,625 [DEBUG] [http-nio-8081-exec-1] com.stylefeng.guns.modular.system.dao.UserMapper.selectUsers [BaseJdbcLogger.java : 159] ==>  Preparing: select id, account, name, birthday, sex, email, avatar, phone, roleid, deptid, status, createtime, version from sys_user where status != 3 
2018-04-17 15:49:19,627 [DEBUG] [http-nio-8081-exec-1] com.stylefeng.guns.modular.system.dao.UserMapper.selectUsers [BaseJdbcLogger.java : 159] ==> Parameters: 
2018-04-17 15:49:19,630 [DEBUG] [http-nio-8081-exec-1] com.stylefeng.guns.modular.system.dao.UserMapper.selectUsers [BaseJdbcLogger.java : 159] <==      Total: 3
2018-04-17 15:49:19,641 [DEBUG] [http-nio-8081-exec-1] com.stylefeng.guns.modular.system.dao.DictMapper.selectOne [BaseJdbcLogger.java : 159] ==>  Preparing: SELECT id AS id,num,pid,`name`,tips FROM sys_dict WHERE `name`=? 
2018-04-17 15:49:19,642 [DEBUG] [http-nio-8081-exec-1] com.stylefeng.guns.modular.system.dao.DictMapper.selectOne [BaseJdbcLogger.java : 159] ==> Parameters: (String)
2018-04-17 15:49:19,644 [DEBUG] [http-nio-8081-exec-1] com.stylefeng.guns.modular.system.dao.DictMapper.selectOne [BaseJdbcLogger.java : 159] <==      Total: 1
2018-04-17 15:49:19,646 [DEBUG] [http-nio-8081-exec-5] com.stylefeng.guns.modular.system.dao.DeptMapper.tree [BaseJdbcLogger.java : 159] ==>  Preparing: select id,pid as pId,simplename as name, ( CASE WHEN (pId = 0 OR pId IS NULL) THEN 'true' ELSE 'false' END ) as isOpen from sys_dept 
2018-04-17 15:49:19,651 [DEBUG] [http-nio-8081-exec-5] com.stylefeng.guns.modular.system.dao.DeptMapper.tree [BaseJdbcLogger.java : 159] ==> Parameters: 
2018-04-17 15:49:19,653 [DEBUG] [http-nio-8081-exec-5] com.stylefeng.guns.modular.system.dao.DeptMapper.tree [BaseJdbcLogger.java : 159] <==      Total: 4
2018-04-17 15:49:19,653 [DEBUG] [http-nio-8081-exec-1] com.stylefeng.guns.modular.system.dao.DictMapper.selectList [BaseJdbcLogger.java : 159] ==>  Preparing: SELECT id AS id,num,pid,`name`,tips FROM sys_dict WHERE (pid = ?) 
2018-04-17 15:49:19,654 [DEBUG] [http-nio-8081-exec-1] com.stylefeng.guns.modular.system.dao.DictMapper.selectList [BaseJdbcLogger.java : 159] ==> Parameters: 29(Integer)
2018-04-17 15:49:19,656 [DEBUG] [http-nio-8081-exec-1] com.stylefeng.guns.modular.system.dao.DictMapper.selectList [BaseJdbcLogger.java : 159] <==      Total: 2
2018-04-17 15:49:19,659 [DEBUG] [http-nio-8081-exec-1] com.stylefeng.guns.modular.system.dao.RoleMapper.selectById [BaseJdbcLogger.java : 159] ==>  Preparing: SELECT id AS id,num,pid,`name`,deptid,tips,version FROM sys_role WHERE id=? 
2018-04-17 15:49:19,660 [DEBUG] [http-nio-8081-exec-1] com.stylefeng.guns.modular.system.dao.RoleMapper.selectById [BaseJdbcLogger.java : 159] ==> Parameters: 1(Integer)
2018-04-17 15:49:19,661 [DEBUG] [http-nio-8081-exec-1] com.stylefeng.guns.modular.system.dao.RoleMapper.selectById [BaseJdbcLogger.java : 159] <==      Total: 1
2018-04-17 15:49:19,665 [DEBUG] [http-nio-8081-exec-1] com.stylefeng.guns.modular.system.dao.DictMapper.selectOne [BaseJdbcLogger.java : 159] ==>  Preparing: SELECT id AS id,num,pid,`name`,tips FROM sys_dict WHERE `name`=? 
2018-04-17 15:49:19,665 [DEBUG] [http-nio-8081-exec-1] com.stylefeng.guns.modular.system.dao.DictMapper.selectOne [BaseJdbcLogger.java : 159] ==> Parameters: (String)
2018-04-17 15:49:19,668 [DEBUG] [http-nio-8081-exec-1] com.stylefeng.guns.modular.system.dao.DictMapper.selectOne [BaseJdbcLogger.java : 159] <==      Total: 1
2018-04-17 15:49:19,672 [DEBUG] [http-nio-8081-exec-1] com.stylefeng.guns.modular.system.dao.DictMapper.selectList [BaseJdbcLogger.java : 159] ==>  Preparing: SELECT id AS id,num,pid,`name`,tips FROM sys_dict WHERE (pid = ?) 
2018-04-17 15:49:19,672 [DEBUG] [http-nio-8081-exec-1] com.stylefeng.guns.modular.system.dao.DictMapper.selectList [BaseJdbcLogger.java : 159] ==> Parameters: 29(Integer)
2018-04-17 15:49:19,674 [DEBUG] [http-nio-8081-exec-1] com.stylefeng.guns.modular.system.dao.DictMapper.selectList [BaseJdbcLogger.java : 159] <==      Total: 2
2018-04-17 15:49:19,676 [DEBUG] [http-nio-8081-exec-1] com.stylefeng.guns.modular.system.dao.DeptMapper.selectById [BaseJdbcLogger.java : 159] ==>  Preparing: SELECT id AS id,num,pid,pids,simplename,fullname,tips,version FROM sys_dept WHERE id=? 
2018-04-17 15:49:19,677 [DEBUG] [http-nio-8081-exec-1] com.stylefeng.guns.modular.system.dao.DeptMapper.selectById [BaseJdbcLogger.java : 159] ==> Parameters: 24(Integer)
2018-04-17 15:49:19,678 [DEBUG] [http-nio-8081-exec-1] com.stylefeng.guns.modular.system.dao.DeptMapper.selectById [BaseJdbcLogger.java : 159] <==      Total: 1
2018-04-17 15:49:19,680 [DEBUG] [http-nio-8081-exec-1] com.stylefeng.guns.modular.system.dao.DictMapper.selectOne [BaseJdbcLogger.java : 159] ==>  Preparing: SELECT id AS id,num,pid,`name`,tips FROM sys_dict WHERE `name`=? 
2018-04-17 15:49:19,681 [DEBUG] [http-nio-8081-exec-1] com.stylefeng.guns.modular.system.dao.DictMapper.selectOne [BaseJdbcLogger.java : 159] ==> Parameters: (String)
2018-04-17 15:49:19,682 [DEBUG] [http-nio-8081-exec-1] com.stylefeng.guns.modular.system.dao.DictMapper.selectOne [BaseJdbcLogger.java : 159] <==      Total: 1
2018-04-17 15:49:19,684 [DEBUG] [http-nio-8081-exec-1] com.stylefeng.guns.modular.system.dao.DictMapper.selectList [BaseJdbcLogger.java : 159] ==>  Preparing: SELECT id AS id,num,pid,`name`,tips FROM sys_dict WHERE (pid = ?) 
2018-04-17 15:49:19,685 [DEBUG] [http-nio-8081-exec-1] com.stylefeng.guns.modular.system.dao.DictMapper.selectList [BaseJdbcLogger.java : 159] ==> Parameters: 29(Integer)
2018-04-17 15:49:19,686 [DEBUG] [http-nio-8081-exec-1] com.stylefeng.guns.modular.system.dao.DictMapper.selectList [BaseJdbcLogger.java : 159] <==      Total: 2
2018-04-17 15:49:20,827 [DEBUG] [http-nio-8081-exec-7] com.stylefeng.guns.modular.system.dao.RoleMapper.selectRoles [BaseJdbcLogger.java : 159] ==>  Preparing: select id, num, pid, name, deptid, tips, version from sys_role 
2018-04-17 15:49:20,829 [DEBUG] [http-nio-8081-exec-7] com.stylefeng.guns.modular.system.dao.RoleMapper.selectRoles [BaseJdbcLogger.java : 159] ==> Parameters: 
2018-04-17 15:49:20,831 [DEBUG] [http-nio-8081-exec-7] com.stylefeng.guns.modular.system.dao.RoleMapper.selectRoles [BaseJdbcLogger.java : 159] <==      Total: 2
2018-04-17 15:49:20,835 [DEBUG] [http-nio-8081-exec-7] com.stylefeng.guns.modular.system.dao.DeptMapper.selectById [BaseJdbcLogger.java : 159] ==>  Preparing: SELECT id AS id,num,pid,pids,simplename,fullname,tips,version FROM sys_dept WHERE id=? 
2018-04-17 15:49:20,835 [DEBUG] [http-nio-8081-exec-7] com.stylefeng.guns.modular.system.dao.DeptMapper.selectById [BaseJdbcLogger.java : 159] ==> Parameters: 26(Integer)
2018-04-17 15:49:20,837 [DEBUG] [http-nio-8081-exec-7] com.stylefeng.guns.modular.system.dao.DeptMapper.selectById [BaseJdbcLogger.java : 159] <==      Total: 1
2018-04-17 15:49:33,496 [DEBUG] [http-nio-8081-exec-1] com.stylefeng.guns.modular.system.dao.DeptMapper.list [BaseJdbcLogger.java : 159] ==>  Preparing: select * from sys_dept order by num ASC 
2018-04-17 15:49:33,497 [DEBUG] [http-nio-8081-exec-1] com.stylefeng.guns.modular.system.dao.DeptMapper.list [BaseJdbcLogger.java : 159] ==> Parameters: 
2018-04-17 15:49:33,499 [DEBUG] [http-nio-8081-exec-1] com.stylefeng.guns.modular.system.dao.DeptMapper.list [BaseJdbcLogger.java : 159] <==      Total: 4
2018-04-17 15:49:36,957 [DEBUG] [http-nio-8081-exec-8] com.stylefeng.guns.modular.system.dao.MenuMapper.selectMenus [BaseJdbcLogger.java : 159] ==>  Preparing: select id, code, pcode, name, icon, url, num, levels,pcodes, tips, status,isopen,ismenu from sys_menu where status = 1 
2018-04-17 15:49:36,959 [DEBUG] [http-nio-8081-exec-8] com.stylefeng.guns.modular.system.dao.MenuMapper.selectMenus [BaseJdbcLogger.java : 159] ==> Parameters: 
2018-04-17 15:49:36,974 [DEBUG] [http-nio-8081-exec-8] com.stylefeng.guns.modular.system.dao.MenuMapper.selectMenus [BaseJdbcLogger.java : 159] <==      Total: 58
2018-04-17 15:49:41,054 [DEBUG] [http-nio-8081-exec-1] com.stylefeng.guns.modular.system.dao.UserMapper.selectById [BaseJdbcLogger.java : 159] ==>  Preparing: SELECT id AS id,avatar,account,`password`,salt,`name`,birthday,sex,email,phone,roleid,deptid,`status`,createtime,version FROM sys_user WHERE id=? 
2018-04-17 15:49:41,055 [DEBUG] [http-nio-8081-exec-1] com.stylefeng.guns.modular.system.dao.UserMapper.selectById [BaseJdbcLogger.java : 159] ==> Parameters: 1(Integer)
2018-04-17 15:49:41,059 [DEBUG] [http-nio-8081-exec-1] com.stylefeng.guns.modular.system.dao.UserMapper.selectById [BaseJdbcLogger.java : 159] <==      Total: 1
2018-04-17 15:49:41,295 [ERROR] [http-nio-8081-exec-1] com.stylefeng.guns.core.util.FileUtil [FileUtil.java : 25] /var/folders/zb/cc5j68_x3yq_qfvg4d4zs7yh0000gn/T/girl.jpg
2018-04-17 15:49:41,377 [DEBUG] [http-nio-8081-exec-10] com.stylefeng.guns.modular.system.dao.DeptMapper.tree [BaseJdbcLogger.java : 159] ==>  Preparing: select id,pid as pId,simplename as name, ( CASE WHEN (pId = 0 OR pId IS NULL) THEN 'true' ELSE 'false' END ) as isOpen from sys_dept 
2018-04-17 15:49:41,379 [DEBUG] [http-nio-8081-exec-10] com.stylefeng.guns.modular.system.dao.DeptMapper.tree [BaseJdbcLogger.java : 159] ==> Parameters: 
2018-04-17 15:49:41,380 [DEBUG] [http-nio-8081-exec-10] com.stylefeng.guns.modular.system.dao.DeptMapper.tree [BaseJdbcLogger.java : 159] <==      Total: 4
2018-04-17 15:58:34,947 [INFO] [Thread-14] o.s.b.c.e.AnnotationConfigEmbeddedWebApplicationContext [AbstractApplicationContext.java : 984] Closing org.springframework.boot.context.embedded.AnnotationConfigEmbeddedWebApplicationContext@7341ddcd: startup date [Tue Apr 17 15:48:13 CST 2018]; root of context hierarchy
2018-04-17 15:58:34,979 [INFO] [Thread-14] o.s.jmx.export.annotation.AnnotationMBeanExporter [MBeanExporter.java : 449] Unregistering JMX-exposed beans on shutdown
2018-04-17 15:58:34,983 [INFO] [Thread-14] o.f.job.service.impl.asyncexecutor.AbstractAsyncExecutor [AbstractAsyncExecutor.java : 162] Shutting down the async job executor [org.flowable.spring.SpringAsyncExecutor].
2018-04-17 15:58:34,985 [INFO] [flowable-acquire-timer-jobs] o.f.job.service.impl.asyncexecutor.AcquireTimerJobsRunnable [AcquireTimerJobsRunnable.java : 116] stopped async job due acquisition
2018-04-17 15:58:34,985 [INFO] [flowable-acquire-async-jobs] o.f.j.service.impl.asyncexecutor.AcquireAsyncJobsDueRunnable [AcquireAsyncJobsDueRunnable.java : 79] stopped async job due acquisition
2018-04-17 15:58:34,985 [INFO] [flowable-reset-expired-jobs] o.f.job.service.impl.asyncexecutor.ResetExpiredJobsRunnable [ResetExpiredJobsRunnable.java : 104] stopped resetting expired jobs
2018-04-17 15:58:35,004 [INFO] [Thread-14] com.alibaba.druid.pool.DruidDataSource [DruidDataSource.java : 1817] {dataSource-1} closed
2018-04-17 15:58:35,008 [INFO] [Thread-14] o.apache.shiro.session.mgt.AbstractValidatingSessionManager [AbstractValidatingSessionManager.java : 250] Disabled session validation scheduler.
2018-04-17 15:58:35,009 [INFO] [Thread-14] org.springframework.cache.ehcache.EhCacheManagerFactoryBean [EhCacheManagerFactoryBean.java : 187] Shutting down EhCache CacheManager
