2017-12-22 15:48:59,122 [main] INFO  [cn.jpush.api.common.connection.NativeHttpClient] - Created instance with _maxRetryTimes = 3
2017-12-22 15:48:59,462 [main] INFO  [cn.jpush.api.common.connection.NativeHttpClient] - Created instance with _maxRetryTimes = 3
2017-12-22 15:48:59,491 [main] INFO  [cn.jpush.api.common.connection.NativeHttpClient] - Created instance with _maxRetryTimes = 3
2017-12-22 15:48:59,492 [main] INFO  [cn.jpush.api.common.connection.NativeHttpClient] - Created instance with _maxRetryTimes = 3
2017-12-22 15:48:59,550 [main] DEBUG [cn.jpush.api.push.model.notification.PlatformNotification] - Extra value is null, throw away it.
2017-12-22 15:48:59,551 [main] DEBUG [cn.jpush.api.push.model.notification.PlatformNotification] - Extra value is null, throw away it.
2017-12-22 15:48:59,566 [main] DEBUG [cn.jpush.api.common.connection.NativeHttpClient] - Send request - POST https://api.jpush.cn/v3/push
2017-12-22 15:48:59,566 [main] DEBUG [cn.jpush.api.common.connection.NativeHttpClient] - Request Content - {"platform":["ios","android"],"audience":{"alias":["18810997530"]},"notification":{"alert":"开始测试多条推送","android":{"alert":"开始测试多条推送","extras":{"extra_bindName":"bindName","extra_id":"43","extra_title":"标题","extra_type":"1"}},"ios":{"alert":"开始测试多条推送","extras":{"extra_bindName":"bindName","extra_id":"43","extra_title":"标题","extra_type":"1"},"badge":"+1","sound":"happy"}},"options":{"sendno":1145690042,"apns_production":true}}
2017-12-22 15:49:00,192 [main] DEBUG [cn.jpush.api.common.resp.ResponseWrapper] - JPush API Rate Limiting params - quota:600, remaining:599, reset:60
2017-12-22 15:49:00,192 [main] DEBUG [cn.jpush.api.common.connection.NativeHttpClient] - Succeed to get response OK - responseCode:200
2017-12-22 15:49:00,192 [main] DEBUG [cn.jpush.api.common.connection.NativeHttpClient] - Response Content - {"sendno":"1145690042","msg_id":"51791397782124763"}
2017-12-22 15:49:25,956 [main] INFO  [cn.jpush.api.common.connection.NativeHttpClient] - Created instance with _maxRetryTimes = 3
2017-12-22 15:49:26,480 [main] INFO  [cn.jpush.api.common.connection.NativeHttpClient] - Created instance with _maxRetryTimes = 3
2017-12-22 15:49:26,483 [main] INFO  [cn.jpush.api.common.connection.NativeHttpClient] - Created instance with _maxRetryTimes = 3
2017-12-22 15:49:26,486 [main] INFO  [cn.jpush.api.common.connection.NativeHttpClient] - Created instance with _maxRetryTimes = 3
2017-12-22 15:49:26,543 [main] DEBUG [cn.jpush.api.push.model.notification.PlatformNotification] - Extra value is null, throw away it.
2017-12-22 15:49:26,544 [main] DEBUG [cn.jpush.api.push.model.notification.PlatformNotification] - Extra value is null, throw away it.
2017-12-22 15:49:26,556 [main] DEBUG [cn.jpush.api.common.connection.NativeHttpClient] - Send request - POST https://api.jpush.cn/v3/push
2017-12-22 15:49:26,556 [main] DEBUG [cn.jpush.api.common.connection.NativeHttpClient] - Request Content - {"platform":["android","ios"],"audience":{"alias":[]},"notification":{"alert":"开始测试多条推送","android":{"alert":"开始测试多条推送","extras":{"extra_bindName":"bindName","extra_id":"43","extra_title":"标题","extra_type":"1"}},"ios":{"alert":"开始测试多条推送","extras":{"extra_bindName":"bindName","extra_id":"43","extra_title":"标题","extra_type":"1"},"badge":"+1","sound":"happy"}},"options":{"sendno":1164558063,"apns_production":true}}
2017-12-22 15:49:27,227 [main] DEBUG [cn.jpush.api.common.resp.ResponseWrapper] - JPush API Rate Limiting params - quota:600, remaining:598, reset:33
2017-12-22 15:49:27,227 [main] WARN  [cn.jpush.api.common.connection.NativeHttpClient] - Got error response - responseCode:400, responseContent:{"error": {"message": "Empty alias is not allowed!", "code": 1003}}
2017-12-22 15:49:27,227 [main] ERROR [cn.jpush.api.common.connection.NativeHttpClient] - Your request params is invalid. Please check them according to error message.
2017-12-28 11:19:08,664 [main] INFO  [cn.jpush.api.common.connection.NativeHttpClient] - Created instance with _maxRetryTimes = 3
2017-12-28 11:19:09,208 [main] INFO  [cn.jpush.api.common.connection.NativeHttpClient] - Created instance with _maxRetryTimes = 3
2017-12-28 11:19:09,215 [main] INFO  [cn.jpush.api.common.connection.NativeHttpClient] - Created instance with _maxRetryTimes = 3
2017-12-28 11:19:09,221 [main] INFO  [cn.jpush.api.common.connection.NativeHttpClient] - Created instance with _maxRetryTimes = 3
2017-12-28 11:19:09,318 [main] DEBUG [cn.jpush.api.push.model.notification.PlatformNotification] - Extra value is null, throw away it.
2017-12-28 11:19:09,319 [main] DEBUG [cn.jpush.api.push.model.notification.PlatformNotification] - Extra value is null, throw away it.
2017-12-28 11:19:09,341 [main] DEBUG [cn.jpush.api.common.connection.NativeHttpClient] - Send request - POST https://api.jpush.cn/v3/push
2017-12-28 11:19:09,341 [main] DEBUG [cn.jpush.api.common.connection.NativeHttpClient] - Request Content - {"platform":["android","ios"],"audience":{"alias":["18810997530"]},"notification":{"alert":"开始测试多条推送","android":{"alert":"开始测试多条推送","extras":{"extra_bindName":"bindName","extra_id":"43","extra_title":"标题","extra_type":"1"}},"ios":{"alert":"开始测试多条推送","extras":{"extra_bindName":"bindName","extra_id":"43","extra_title":"标题","extra_type":"1"},"badge":"+1","sound":"happy"}},"options":{"sendno":208024121,"apns_production":true}}
2017-12-28 11:19:09,880 [main] DEBUG [cn.jpush.api.common.resp.ResponseWrapper] - JPush API Rate Limiting params - quota:600, remaining:599, reset:60
2017-12-28 11:19:09,880 [main] DEBUG [cn.jpush.api.common.connection.NativeHttpClient] - Succeed to get response OK - responseCode:200
2017-12-28 11:19:09,880 [main] DEBUG [cn.jpush.api.common.connection.NativeHttpClient] - Response Content - {"sendno":"208024121","msg_id":"42784198603856223"}
2018-01-04 10:09:10,102 [main] INFO  [cn.jiguang.common.connection.NativeHttpClient] - Created instance with connectionTimeout 5,000, readTimeout 30,000, maxRetryTimes 3, SSL Version TLS
2018-01-04 10:09:10,501 [main] INFO  [cn.jiguang.common.connection.NativeHttpClient] - Created instance with connectionTimeout 5,000, readTimeout 30,000, maxRetryTimes 3, SSL Version TLS
2018-01-04 10:09:10,503 [main] INFO  [cn.jiguang.common.connection.NativeHttpClient] - Created instance with connectionTimeout 5,000, readTimeout 30,000, maxRetryTimes 3, SSL Version TLS
2018-01-04 10:09:10,504 [main] INFO  [cn.jiguang.common.connection.NativeHttpClient] - Created instance with connectionTimeout 5,000, readTimeout 30,000, maxRetryTimes 3, SSL Version TLS
2018-01-04 10:09:10,555 [main] DEBUG [cn.jpush.api.push.model.notification.PlatformNotification] - Extra value is null, throw away it.
2018-01-04 10:09:10,556 [main] DEBUG [cn.jpush.api.push.model.notification.PlatformNotification] - Extra value is null, throw away it.
2018-01-04 10:09:10,566 [main] DEBUG [cn.jiguang.common.connection.NativeHttpClient] - Send request - POST https://api.jpush.cn/v3/push
2018-01-04 10:09:10,566 [main] DEBUG [cn.jiguang.common.connection.NativeHttpClient] - Request Content - {"platform":["ios","android"],"audience":{"alias":["15340157973","18810997530","15810259234"]},"notification":{"alert":"开始测试多条推送","ios":{"alert":"开始测试多条推送","extras":{"extra_bindName":"bindName","extra_id":"43","extra_title":"标题","extra_type":"1"},"badge":"+1","sound":"happy"},"android":{"alert":"开始测试多条推送","extras":{"extra_bindName":"bindName","extra_id":"43","extra_title":"标题","extra_type":"1"}}},"options":{"sendno":276050117,"apns_production":true}}
2018-01-04 10:09:12,103 [main] DEBUG [cn.jiguang.common.resp.ResponseWrapper] - JPush API Rate Limiting params - quota:600, remaining:599, reset:60
2018-01-04 10:09:12,103 [main] WARN  [cn.jiguang.common.connection.NativeHttpClient] - Got error response - responseCode:400, responseContent:{"msg_id": 2711186426, "error": {"message": "cannot find user by this audience", "code": 1011}}
2018-01-04 10:09:12,103 [main] ERROR [cn.jiguang.common.connection.NativeHttpClient] - Your request params is invalid. Please check them according to error message.
2018-01-04 10:21:05,760 [main] INFO  [cn.jiguang.common.connection.NativeHttpClient] - Created instance with connectionTimeout 5,000, readTimeout 30,000, maxRetryTimes 3, SSL Version TLS
2018-01-04 10:21:06,171 [main] INFO  [cn.jiguang.common.connection.NativeHttpClient] - Created instance with connectionTimeout 5,000, readTimeout 30,000, maxRetryTimes 3, SSL Version TLS
2018-01-04 10:21:06,178 [main] INFO  [cn.jiguang.common.connection.NativeHttpClient] - Created instance with connectionTimeout 5,000, readTimeout 30,000, maxRetryTimes 3, SSL Version TLS
2018-01-04 10:21:06,180 [main] INFO  [cn.jiguang.common.connection.NativeHttpClient] - Created instance with connectionTimeout 5,000, readTimeout 30,000, maxRetryTimes 3, SSL Version TLS
2018-01-04 10:21:06,252 [main] DEBUG [cn.jpush.api.push.model.notification.PlatformNotification] - Extra value is null, throw away it.
2018-01-04 10:21:06,255 [main] DEBUG [cn.jpush.api.push.model.notification.PlatformNotification] - Extra value is null, throw away it.
2018-01-04 10:21:06,270 [main] DEBUG [cn.jiguang.common.connection.NativeHttpClient] - Send request - POST https://api.jpush.cn/v3/push
2018-01-04 10:21:06,270 [main] DEBUG [cn.jiguang.common.connection.NativeHttpClient] - Request Content - {"platform":["ios","android"],"audience":{"alias":["15340157973","18810997530","15810259234"]},"notification":{"alert":"开始测试多条推送","ios":{"alert":"开始测试多条推送","extras":{"extra_bindName":"bindName","extra_id":"43","extra_title":"标题","extra_type":"1"},"badge":"+1","sound":"happy"},"android":{"alert":"开始测试多条推送","extras":{"extra_bindName":"bindName","extra_id":"43","extra_title":"标题","extra_type":"1"}}},"options":{"sendno":1835348753,"apns_production":true}}
2018-01-04 10:21:06,744 [main] DEBUG [cn.jiguang.common.resp.ResponseWrapper] - JPush API Rate Limiting params - quota:600, remaining:599, reset:60
2018-01-04 10:21:06,744 [main] WARN  [cn.jiguang.common.connection.NativeHttpClient] - Got error response - responseCode:400, responseContent:{"msg_id": 2710551485, "error": {"message": "cannot find user by this audience", "code": 1011}}
2018-01-04 10:21:06,744 [main] ERROR [cn.jiguang.common.connection.NativeHttpClient] - Your request params is invalid. Please check them according to error message.
2018-01-04 10:47:44,466 [main] INFO  [cn.jiguang.common.connection.NativeHttpClient] - Created instance with connectionTimeout 5,000, readTimeout 30,000, maxRetryTimes 3, SSL Version TLS
2018-01-04 10:47:44,976 [main] INFO  [cn.jiguang.common.connection.NativeHttpClient] - Created instance with connectionTimeout 5,000, readTimeout 30,000, maxRetryTimes 3, SSL Version TLS
2018-01-04 10:47:44,981 [main] INFO  [cn.jiguang.common.connection.NativeHttpClient] - Created instance with connectionTimeout 5,000, readTimeout 30,000, maxRetryTimes 3, SSL Version TLS
2018-01-04 10:47:44,983 [main] INFO  [cn.jiguang.common.connection.NativeHttpClient] - Created instance with connectionTimeout 5,000, readTimeout 30,000, maxRetryTimes 3, SSL Version TLS
2018-01-04 10:47:45,063 [main] DEBUG [cn.jpush.api.push.model.notification.PlatformNotification] - Extra value is null, throw away it.
2018-01-04 10:47:45,064 [main] DEBUG [cn.jpush.api.push.model.notification.PlatformNotification] - Extra value is null, throw away it.
2018-01-04 10:47:45,076 [main] DEBUG [cn.jiguang.common.connection.NativeHttpClient] - Send request - POST https://api.jpush.cn/v3/push
2018-01-04 10:47:45,076 [main] DEBUG [cn.jiguang.common.connection.NativeHttpClient] - Request Content - {"platform":["android","ios"],"audience":{"alias":["15340157973","18810997530","15810259234"]},"notification":{"alert":"开始测试多条推送","ios":{"alert":"开始测试多条推送","extras":{"extra_bindName":"bindName","extra_id":"11","extra_title":"标题","extra_type":"1"},"badge":"+1","sound":"happy"},"android":{"alert":"开始测试多条推送","extras":{"extra_bindName":"bindName","extra_id":"11","extra_title":"标题","extra_type":"1"}}},"options":{"sendno":567888061,"apns_production":true}}
2018-01-04 10:47:45,624 [main] DEBUG [cn.jiguang.common.resp.ResponseWrapper] - JPush API Rate Limiting params - quota:600, remaining:599, reset:60
2018-01-04 10:47:45,624 [main] WARN  [cn.jiguang.common.connection.NativeHttpClient] - Got error response - responseCode:400, responseContent:{"msg_id": 1110582349, "error": {"message": "cannot find user by this audience", "code": 1011}}
2018-01-04 10:47:45,625 [main] ERROR [cn.jiguang.common.connection.NativeHttpClient] - Your request params is invalid. Please check them according to error message.
2018-01-04 10:48:28,671 [main] INFO  [cn.jiguang.common.connection.NativeHttpClient] - Created instance with connectionTimeout 5,000, readTimeout 30,000, maxRetryTimes 3, SSL Version TLS
2018-01-04 10:48:29,022 [main] INFO  [cn.jiguang.common.connection.NativeHttpClient] - Created instance with connectionTimeout 5,000, readTimeout 30,000, maxRetryTimes 3, SSL Version TLS
2018-01-04 10:48:29,026 [main] INFO  [cn.jiguang.common.connection.NativeHttpClient] - Created instance with connectionTimeout 5,000, readTimeout 30,000, maxRetryTimes 3, SSL Version TLS
2018-01-04 10:48:29,028 [main] INFO  [cn.jiguang.common.connection.NativeHttpClient] - Created instance with connectionTimeout 5,000, readTimeout 30,000, maxRetryTimes 3, SSL Version TLS
2018-01-04 10:48:29,087 [main] DEBUG [cn.jpush.api.push.model.notification.PlatformNotification] - Extra value is null, throw away it.
2018-01-04 10:48:29,088 [main] DEBUG [cn.jpush.api.push.model.notification.PlatformNotification] - Extra value is null, throw away it.
2018-01-04 10:48:29,103 [main] DEBUG [cn.jiguang.common.connection.NativeHttpClient] - Send request - POST https://api.jpush.cn/v3/push
2018-01-04 10:48:29,103 [main] DEBUG [cn.jiguang.common.connection.NativeHttpClient] - Request Content - {"platform":["ios","android"],"audience":{"alias":["15340157973","18810997530","15810259234"]},"notification":{"alert":"开始测试多条推送","ios":{"alert":"开始测试多条推送","extras":{"extra_bindName":"bindName","extra_id":"11","extra_title":"标题","extra_type":"1"},"badge":"+1","sound":"happy"},"android":{"alert":"开始测试多条推送","extras":{"extra_bindName":"bindName","extra_id":"11","extra_title":"标题","extra_type":"1"}}},"options":{"sendno":1111768942,"apns_production":true}}
2018-01-04 10:48:29,553 [main] DEBUG [cn.jiguang.common.resp.ResponseWrapper] - JPush API Rate Limiting params - quota:600, remaining:598, reset:16
2018-01-04 10:48:29,553 [main] WARN  [cn.jiguang.common.connection.NativeHttpClient] - Got error response - responseCode:400, responseContent:{"msg_id": 1115340055, "error": {"message": "cannot find user by this audience", "code": 1011}}
2018-01-04 10:48:29,553 [main] ERROR [cn.jiguang.common.connection.NativeHttpClient] - Your request params is invalid. Please check them according to error message.
2018-01-04 10:49:13,961 [main] INFO  [cn.jiguang.common.connection.NativeHttpClient] - Created instance with connectionTimeout 5,000, readTimeout 30,000, maxRetryTimes 3, SSL Version TLS
2018-01-04 10:49:14,282 [main] INFO  [cn.jiguang.common.connection.NativeHttpClient] - Created instance with connectionTimeout 5,000, readTimeout 30,000, maxRetryTimes 3, SSL Version TLS
2018-01-04 10:49:14,304 [main] INFO  [cn.jiguang.common.connection.NativeHttpClient] - Created instance with connectionTimeout 5,000, readTimeout 30,000, maxRetryTimes 3, SSL Version TLS
2018-01-04 10:49:14,315 [main] INFO  [cn.jiguang.common.connection.NativeHttpClient] - Created instance with connectionTimeout 5,000, readTimeout 30,000, maxRetryTimes 3, SSL Version TLS
2018-01-04 10:49:14,384 [main] DEBUG [cn.jpush.api.push.model.notification.PlatformNotification] - Extra value is null, throw away it.
2018-01-04 10:49:14,385 [main] DEBUG [cn.jpush.api.push.model.notification.PlatformNotification] - Extra value is null, throw away it.
2018-01-04 10:49:14,399 [main] DEBUG [cn.jiguang.common.connection.NativeHttpClient] - Send request - POST https://api.jpush.cn/v3/push
2018-01-04 10:49:14,399 [main] DEBUG [cn.jiguang.common.connection.NativeHttpClient] - Request Content - {"platform":["ios","android"],"audience":{"alias":["15340157973","18810997530","15810259234"]},"notification":{"alert":"开始测试多条推送","ios":{"alert":"开始测试多条推送","extras":{"extra_bindName":"bindName","extra_id":"11","extra_title":"标题","extra_type":"1"},"badge":"+1","sound":"happy"},"android":{"alert":"开始测试多条推送","extras":{"extra_bindName":"bindName","extra_id":"11","extra_title":"标题","extra_type":"1"}}},"options":{"sendno":2110708164,"apns_production":true}}
2018-01-04 10:49:14,865 [main] DEBUG [cn.jiguang.common.resp.ResponseWrapper] - JPush API Rate Limiting params - quota:600, remaining:599, reset:60
2018-01-04 10:49:14,865 [main] WARN  [cn.jiguang.common.connection.NativeHttpClient] - Got error response - responseCode:400, responseContent:{"msg_id": 1113511506, "error": {"message": "cannot find user by this audience", "code": 1011}}
2018-01-04 10:49:14,865 [main] ERROR [cn.jiguang.common.connection.NativeHttpClient] - Your request params is invalid. Please check them according to error message.
2018-01-04 11:24:19,287 [main] INFO  [cn.jiguang.common.connection.NativeHttpClient] - Created instance with connectionTimeout 5,000, readTimeout 30,000, maxRetryTimes 3, SSL Version TLS
2018-01-04 11:24:19,731 [main] INFO  [cn.jiguang.common.connection.NativeHttpClient] - Created instance with connectionTimeout 5,000, readTimeout 30,000, maxRetryTimes 3, SSL Version TLS
2018-01-04 11:24:19,737 [main] INFO  [cn.jiguang.common.connection.NativeHttpClient] - Created instance with connectionTimeout 5,000, readTimeout 30,000, maxRetryTimes 3, SSL Version TLS
2018-01-04 11:24:19,740 [main] INFO  [cn.jiguang.common.connection.NativeHttpClient] - Created instance with connectionTimeout 5,000, readTimeout 30,000, maxRetryTimes 3, SSL Version TLS
2018-01-04 11:24:19,915 [main] DEBUG [cn.jpush.api.push.model.notification.PlatformNotification] - Extra value is null, throw away it.
2018-01-04 11:24:19,918 [main] DEBUG [cn.jpush.api.push.model.notification.PlatformNotification] - Extra value is null, throw away it.
2018-01-04 11:24:19,952 [main] DEBUG [cn.jiguang.common.connection.NativeHttpClient] - Send request - POST https://api.jpush.cn/v3/push
2018-01-04 11:24:19,953 [main] DEBUG [cn.jiguang.common.connection.NativeHttpClient] - Request Content - {"platform":["android","ios"],"audience":{"alias":["15340157973","18810997530","15810259234"]},"notification":{"alert":"开始测试多条推送","ios":{"alert":"开始测试多条推送","extras":{"extra_bindName":"bindName","extra_id":"11","extra_title":"标题","extra_type":"1"},"badge":"+1","sound":"happy"},"android":{"alert":"开始测试多条推送","extras":{"extra_bindName":"bindName","extra_id":"11","extra_title":"标题","extra_type":"1"}}},"options":{"sendno":819199958,"apns_production":true}}
2018-01-04 11:24:20,449 [main] DEBUG [cn.jiguang.common.resp.ResponseWrapper] - JPush API Rate Limiting params - quota:600, remaining:599, reset:60
2018-01-04 11:24:20,449 [main] WARN  [cn.jiguang.common.connection.NativeHttpClient] - Got error response - responseCode:400, responseContent:{"msg_id": 1113414793, "error": {"message": "cannot find user by this audience", "code": 1011}}
2018-01-04 11:24:20,449 [main] ERROR [cn.jiguang.common.connection.NativeHttpClient] - Your request params is invalid. Please check them according to error message.
2018-01-04 11:24:32,691 [main] INFO  [cn.jiguang.common.connection.NativeHttpClient] - Created instance with connectionTimeout 5,000, readTimeout 30,000, maxRetryTimes 3, SSL Version TLS
2018-01-04 11:24:33,211 [main] INFO  [cn.jiguang.common.connection.NativeHttpClient] - Created instance with connectionTimeout 5,000, readTimeout 30,000, maxRetryTimes 3, SSL Version TLS
2018-01-04 11:24:33,215 [main] INFO  [cn.jiguang.common.connection.NativeHttpClient] - Created instance with connectionTimeout 5,000, readTimeout 30,000, maxRetryTimes 3, SSL Version TLS
2018-01-04 11:24:33,216 [main] INFO  [cn.jiguang.common.connection.NativeHttpClient] - Created instance with connectionTimeout 5,000, readTimeout 30,000, maxRetryTimes 3, SSL Version TLS
2018-01-04 11:24:33,321 [main] DEBUG [cn.jpush.api.push.model.notification.PlatformNotification] - Extra value is null, throw away it.
2018-01-04 11:24:33,326 [main] DEBUG [cn.jpush.api.push.model.notification.PlatformNotification] - Extra value is null, throw away it.
2018-01-04 11:24:33,356 [main] DEBUG [cn.jiguang.common.connection.NativeHttpClient] - Send request - POST https://api.jpush.cn/v3/push
2018-01-04 11:24:33,357 [main] DEBUG [cn.jiguang.common.connection.NativeHttpClient] - Request Content - {"platform":["ios","android"],"audience":{"alias":["15340157973","18810997530","15810259234"]},"notification":{"alert":"开始测试多条推送","ios":{"alert":"开始测试多条推送","extras":{"extra_bindName":"bindName","extra_id":"11","extra_title":"标题","extra_type":"1"},"badge":"+1","sound":"happy"},"android":{"alert":"开始测试多条推送","extras":{"extra_bindName":"bindName","extra_id":"11","extra_title":"标题","extra_type":"1"}}},"options":{"sendno":1600255549,"apns_production":true}}
2018-01-04 11:24:33,738 [main] DEBUG [cn.jiguang.common.resp.ResponseWrapper] - JPush API Rate Limiting params - quota:600, remaining:598, reset:47
2018-01-04 11:24:33,738 [main] WARN  [cn.jiguang.common.connection.NativeHttpClient] - Got error response - responseCode:400, responseContent:{"msg_id": 1117292168, "error": {"message": "cannot find user by this audience", "code": 1011}}
2018-01-04 11:24:33,739 [main] ERROR [cn.jiguang.common.connection.NativeHttpClient] - Your request params is invalid. Please check them according to error message.
2018-01-04 15:03:06,227 [main] INFO  [cn.jiguang.common.connection.NativeHttpClient] - Created instance with connectionTimeout 5,000, readTimeout 30,000, maxRetryTimes 3, SSL Version TLS
2018-01-04 15:03:06,623 [main] INFO  [cn.jiguang.common.connection.NativeHttpClient] - Created instance with connectionTimeout 5,000, readTimeout 30,000, maxRetryTimes 3, SSL Version TLS
2018-01-04 15:03:06,626 [main] INFO  [cn.jiguang.common.connection.NativeHttpClient] - Created instance with connectionTimeout 5,000, readTimeout 30,000, maxRetryTimes 3, SSL Version TLS
2018-01-04 15:03:06,628 [main] INFO  [cn.jiguang.common.connection.NativeHttpClient] - Created instance with connectionTimeout 5,000, readTimeout 30,000, maxRetryTimes 3, SSL Version TLS
2018-01-04 15:03:06,723 [main] DEBUG [cn.jpush.api.push.model.notification.PlatformNotification] - Extra value is null, throw away it.
2018-01-04 15:03:06,724 [main] DEBUG [cn.jpush.api.push.model.notification.PlatformNotification] - Extra value is null, throw away it.
2018-01-04 15:03:06,741 [main] DEBUG [cn.jiguang.common.connection.NativeHttpClient] - Send request - POST https://api.jpush.cn/v3/push
2018-01-04 15:03:06,741 [main] DEBUG [cn.jiguang.common.connection.NativeHttpClient] - Request Content - {"platform":["ios","android"],"audience":{"alias":["5f26fabbd5ff47cd8190dc17ed0f70e6"]},"notification":{"alert":"开始测试多条推送","ios":{"alert":"开始测试多条推送","extras":{"extra_bindName":"bindName","extra_id":"11","extra_title":"标题","extra_type":"1"},"badge":"+1","sound":"happy"},"android":{"alert":"开始测试多条推送","extras":{"extra_bindName":"bindName","extra_id":"11","extra_title":"标题","extra_type":"1"}}},"options":{"sendno":897958215,"apns_production":true}}
2018-01-04 15:03:07,222 [main] DEBUG [cn.jiguang.common.resp.ResponseWrapper] - JPush API Rate Limiting params - quota:600, remaining:599, reset:60
2018-01-04 15:03:07,223 [main] DEBUG [cn.jiguang.common.connection.NativeHttpClient] - Succeed to get response OK - responseCode:200
2018-01-04 15:03:07,223 [main] DEBUG [cn.jiguang.common.connection.NativeHttpClient] - Response Content - {"sendno":"897958215","msg_id":"1135219930"}
2018-01-04 15:03:07,268 [main] INFO  [com.bluemobi.util.JpushUtil] - Got result - {"msg_id":1135219930,"sendno":897958215,"statusCode":0}
2018-01-04 15:03:31,517 [main] INFO  [cn.jiguang.common.connection.NativeHttpClient] - Created instance with connectionTimeout 5,000, readTimeout 30,000, maxRetryTimes 3, SSL Version TLS
2018-01-04 15:03:31,867 [main] INFO  [cn.jiguang.common.connection.NativeHttpClient] - Created instance with connectionTimeout 5,000, readTimeout 30,000, maxRetryTimes 3, SSL Version TLS
2018-01-04 15:03:31,873 [main] INFO  [cn.jiguang.common.connection.NativeHttpClient] - Created instance with connectionTimeout 5,000, readTimeout 30,000, maxRetryTimes 3, SSL Version TLS
2018-01-04 15:03:31,874 [main] INFO  [cn.jiguang.common.connection.NativeHttpClient] - Created instance with connectionTimeout 5,000, readTimeout 30,000, maxRetryTimes 3, SSL Version TLS
2018-01-04 15:03:31,939 [main] DEBUG [cn.jpush.api.push.model.notification.PlatformNotification] - Extra value is null, throw away it.
2018-01-04 15:03:31,939 [main] DEBUG [cn.jpush.api.push.model.notification.PlatformNotification] - Extra value is null, throw away it.
2018-01-04 15:03:31,955 [main] DEBUG [cn.jiguang.common.connection.NativeHttpClient] - Send request - POST https://api.jpush.cn/v3/push
2018-01-04 15:03:31,955 [main] DEBUG [cn.jiguang.common.connection.NativeHttpClient] - Request Content - {"platform":["ios","android"],"audience":{"alias":["5f26fabbd5ff47cd8190dc17ed0f70e6"]},"notification":{"alert":"开始测试多条推送","ios":{"alert":"开始测试多条推送","extras":{"extra_bindName":"bindName","extra_id":"11","extra_title":"标题","extra_type":"1"},"badge":"+1","sound":"happy"},"android":{"alert":"开始测试多条推送","extras":{"extra_bindName":"bindName","extra_id":"11","extra_title":"标题","extra_type":"1"}}},"options":{"sendno":419153533,"apns_production":true}}
2018-01-04 15:03:32,380 [main] DEBUG [cn.jiguang.common.resp.ResponseWrapper] - JPush API Rate Limiting params - quota:600, remaining:598, reset:35
2018-01-04 15:03:32,380 [main] DEBUG [cn.jiguang.common.connection.NativeHttpClient] - Succeed to get response OK - responseCode:200
2018-01-04 15:03:32,380 [main] DEBUG [cn.jiguang.common.connection.NativeHttpClient] - Response Content - {"sendno":"419153533","msg_id":"2731924922"}
2018-01-04 15:03:32,427 [main] INFO  [com.bluemobi.util.JpushUtil] - Got result - {"msg_id":2731924922,"sendno":419153533,"statusCode":0}
2018-01-04 15:10:28,860 [main] INFO  [cn.jiguang.common.connection.NativeHttpClient] - Created instance with connectionTimeout 5,000, readTimeout 30,000, maxRetryTimes 3, SSL Version TLS
2018-01-04 15:10:29,701 [main] INFO  [cn.jiguang.common.connection.NativeHttpClient] - Created instance with connectionTimeout 5,000, readTimeout 30,000, maxRetryTimes 3, SSL Version TLS
2018-01-04 15:10:29,716 [main] INFO  [cn.jiguang.common.connection.NativeHttpClient] - Created instance with connectionTimeout 5,000, readTimeout 30,000, maxRetryTimes 3, SSL Version TLS
2018-01-04 15:10:29,718 [main] INFO  [cn.jiguang.common.connection.NativeHttpClient] - Created instance with connectionTimeout 5,000, readTimeout 30,000, maxRetryTimes 3, SSL Version TLS
2018-01-04 15:10:29,864 [main] DEBUG [cn.jpush.api.push.model.notification.PlatformNotification] - Extra value is null, throw away it.
2018-01-04 15:10:29,866 [main] DEBUG [cn.jpush.api.push.model.notification.PlatformNotification] - Extra value is null, throw away it.
2018-01-04 15:10:29,886 [main] DEBUG [cn.jiguang.common.connection.NativeHttpClient] - Send request - POST https://api.jpush.cn/v3/push
2018-01-04 15:10:29,887 [main] DEBUG [cn.jiguang.common.connection.NativeHttpClient] - Request Content - {"platform":["android","ios"],"audience":{"alias":["5f26fabbd5ff47cd8190dc17ed0f70e6"]},"notification":{"alert":"开始测试多条推送","ios":{"alert":"开始测试多条推送","extras":{"extra_bindName":"bindName","extra_id":"11","extra_title":"标题","extra_type":"1"},"badge":"+1","sound":"happy"},"android":{"alert":"开始测试多条推送","extras":{"extra_bindName":"bindName","extra_id":"11","extra_title":"标题","extra_type":"1"}}},"options":{"sendno":808457568,"apns_production":true}}
2018-01-04 15:10:30,428 [main] DEBUG [cn.jiguang.common.resp.ResponseWrapper] - JPush API Rate Limiting params - quota:600, remaining:599, reset:60
2018-01-04 15:10:30,433 [main] DEBUG [cn.jiguang.common.connection.NativeHttpClient] - Succeed to get response OK - responseCode:200
2018-01-04 15:10:30,433 [main] DEBUG [cn.jiguang.common.connection.NativeHttpClient] - Response Content - {"sendno":"808457568","msg_id":"2733364270"}
2018-01-04 15:10:30,482 [main] INFO  [com.bluemobi.util.JpushUtil] - Got result - {"msg_id":2733364270,"sendno":808457568,"statusCode":0}
2018-01-04 15:10:51,794 [main] INFO  [cn.jiguang.common.connection.NativeHttpClient] - Created instance with connectionTimeout 5,000, readTimeout 30,000, maxRetryTimes 3, SSL Version TLS
2018-01-04 15:10:52,233 [main] INFO  [cn.jiguang.common.connection.NativeHttpClient] - Created instance with connectionTimeout 5,000, readTimeout 30,000, maxRetryTimes 3, SSL Version TLS
2018-01-04 15:10:52,238 [main] INFO  [cn.jiguang.common.connection.NativeHttpClient] - Created instance with connectionTimeout 5,000, readTimeout 30,000, maxRetryTimes 3, SSL Version TLS
2018-01-04 15:10:52,241 [main] INFO  [cn.jiguang.common.connection.NativeHttpClient] - Created instance with connectionTimeout 5,000, readTimeout 30,000, maxRetryTimes 3, SSL Version TLS
2018-01-04 15:10:52,362 [main] DEBUG [cn.jpush.api.push.model.notification.PlatformNotification] - Extra value is null, throw away it.
2018-01-04 15:10:52,365 [main] DEBUG [cn.jpush.api.push.model.notification.PlatformNotification] - Extra value is null, throw away it.
2018-01-04 15:10:52,395 [main] DEBUG [cn.jiguang.common.connection.NativeHttpClient] - Send request - POST https://api.jpush.cn/v3/push
2018-01-04 15:10:52,395 [main] DEBUG [cn.jiguang.common.connection.NativeHttpClient] - Request Content - {"platform":["ios","android"],"audience":{"alias":["5f26fabbd5ff47cd8190dc17ed0f70e6"]},"notification":{"alert":"开始测试多条推送","ios":{"alert":"开始测试多条推送","extras":{"extra_bindName":"bindName","extra_id":"11","extra_title":"标题","extra_type":"1"},"badge":"+1","sound":"happy"},"android":{"alert":"开始测试多条推送","extras":{"extra_bindName":"bindName","extra_id":"11","extra_title":"标题","extra_type":"1"}}},"options":{"sendno":368412918,"apns_production":true}}
2018-01-04 15:10:53,310 [main] DEBUG [cn.jiguang.common.resp.ResponseWrapper] - JPush API Rate Limiting params - quota:600, remaining:598, reset:38
2018-01-04 15:10:53,311 [main] DEBUG [cn.jiguang.common.connection.NativeHttpClient] - Succeed to get response OK - responseCode:200
2018-01-04 15:10:53,311 [main] DEBUG [cn.jiguang.common.connection.NativeHttpClient] - Response Content - {"sendno":"368412918","msg_id":"1135261224"}
2018-01-04 15:10:53,339 [main] INFO  [com.bluemobi.util.JpushUtil] - Got result - {"msg_id":1135261224,"sendno":368412918,"statusCode":0}
2018-01-04 15:42:17,745 [main] INFO  [cn.jiguang.common.connection.NativeHttpClient] - Created instance with connectionTimeout 5,000, readTimeout 30,000, maxRetryTimes 3, SSL Version TLS
2018-01-04 15:42:18,268 [main] INFO  [cn.jiguang.common.connection.NativeHttpClient] - Created instance with connectionTimeout 5,000, readTimeout 30,000, maxRetryTimes 3, SSL Version TLS
2018-01-04 15:42:18,271 [main] INFO  [cn.jiguang.common.connection.NativeHttpClient] - Created instance with connectionTimeout 5,000, readTimeout 30,000, maxRetryTimes 3, SSL Version TLS
2018-01-04 15:42:18,273 [main] INFO  [cn.jiguang.common.connection.NativeHttpClient] - Created instance with connectionTimeout 5,000, readTimeout 30,000, maxRetryTimes 3, SSL Version TLS
2018-01-04 15:42:18,421 [main] DEBUG [cn.jpush.api.push.model.notification.PlatformNotification] - Extra value is null, throw away it.
2018-01-04 15:42:18,422 [main] DEBUG [cn.jpush.api.push.model.notification.PlatformNotification] - Extra value is null, throw away it.
2018-01-04 15:42:18,437 [main] DEBUG [cn.jiguang.common.connection.NativeHttpClient] - Send request - POST https://api.jpush.cn/v3/push
2018-01-04 15:42:18,437 [main] DEBUG [cn.jiguang.common.connection.NativeHttpClient] - Request Content - {"platform":["ios","android"],"audience":{"alias":["5f26fabbd5ff47cd8190dc17ed0f70e6"]},"notification":{"alert":"开始测试多条推送","ios":{"alert":"开始测试多条推送","extras":{"extra_bindName":"bindName","extra_id":"11","extra_title":"标题","extra_type":"1"},"badge":"+1","sound":"happy"},"android":{"alert":"开始测试多条推送","extras":{"extra_bindName":"bindName","extra_id":"11","extra_title":"标题","extra_type":"1"}}},"options":{"sendno":1986921285,"apns_production":true}}
2018-01-04 15:42:18,912 [main] DEBUG [cn.jiguang.common.resp.ResponseWrapper] - JPush API Rate Limiting params - quota:600, remaining:599, reset:60
2018-01-04 15:42:18,912 [main] DEBUG [cn.jiguang.common.connection.NativeHttpClient] - Succeed to get response OK - responseCode:200
2018-01-04 15:42:18,912 [main] DEBUG [cn.jiguang.common.connection.NativeHttpClient] - Response Content - {"sendno":"1986921285","msg_id":"1138149869"}
2018-01-04 15:42:18,956 [main] INFO  [com.bluemobi.util.JpushUtil] - Got result - {"msg_id":1138149869,"sendno":1986921285,"statusCode":0}
2018-01-04 15:42:54,986 [main] INFO  [cn.jiguang.common.connection.NativeHttpClient] - Created instance with connectionTimeout 5,000, readTimeout 30,000, maxRetryTimes 3, SSL Version TLS
2018-01-04 15:42:55,413 [main] INFO  [cn.jiguang.common.connection.NativeHttpClient] - Created instance with connectionTimeout 5,000, readTimeout 30,000, maxRetryTimes 3, SSL Version TLS
2018-01-04 15:42:55,420 [main] INFO  [cn.jiguang.common.connection.NativeHttpClient] - Created instance with connectionTimeout 5,000, readTimeout 30,000, maxRetryTimes 3, SSL Version TLS
2018-01-04 15:42:55,423 [main] INFO  [cn.jiguang.common.connection.NativeHttpClient] - Created instance with connectionTimeout 5,000, readTimeout 30,000, maxRetryTimes 3, SSL Version TLS
2018-01-04 15:42:55,507 [main] DEBUG [cn.jpush.api.push.model.notification.PlatformNotification] - Extra value is null, throw away it.
2018-01-04 15:42:55,509 [main] DEBUG [cn.jpush.api.push.model.notification.PlatformNotification] - Extra value is null, throw away it.
2018-01-04 15:42:55,532 [main] DEBUG [cn.jiguang.common.connection.NativeHttpClient] - Send request - POST https://api.jpush.cn/v3/push
2018-01-04 15:42:55,532 [main] DEBUG [cn.jiguang.common.connection.NativeHttpClient] - Request Content - {"platform":["android","ios"],"audience":{"alias":["5f26fabbd5ff47cd8190dc17ed0f70e6"]},"notification":{"alert":"开始测试多条推送","ios":{"alert":"开始测试多条推送","extras":{"extra_bindName":"bindName","extra_id":"11","extra_title":"标题","extra_type":"1"},"badge":"+1","sound":"happy"},"android":{"alert":"开始测试多条推送","extras":{"extra_bindName":"bindName","extra_id":"11","extra_title":"标题","extra_type":"1"}}},"options":{"sendno":286831649,"apns_production":true}}
2018-01-04 15:42:56,174 [main] DEBUG [cn.jiguang.common.resp.ResponseWrapper] - JPush API Rate Limiting params - quota:600, remaining:598, reset:23
2018-01-04 15:42:56,174 [main] DEBUG [cn.jiguang.common.connection.NativeHttpClient] - Succeed to get response OK - responseCode:200
2018-01-04 15:42:56,174 [main] DEBUG [cn.jiguang.common.connection.NativeHttpClient] - Response Content - {"sendno":"286831649","msg_id":"1137916942"}
2018-01-04 15:42:56,223 [main] INFO  [com.bluemobi.util.JpushUtil] - Got result - {"msg_id":1137916942,"sendno":286831649,"statusCode":0}
2018-01-04 15:43:05,074 [main] INFO  [cn.jiguang.common.connection.NativeHttpClient] - Created instance with connectionTimeout 5,000, readTimeout 30,000, maxRetryTimes 3, SSL Version TLS
2018-01-04 15:43:05,447 [main] INFO  [cn.jiguang.common.connection.NativeHttpClient] - Created instance with connectionTimeout 5,000, readTimeout 30,000, maxRetryTimes 3, SSL Version TLS
2018-01-04 15:43:05,451 [main] INFO  [cn.jiguang.common.connection.NativeHttpClient] - Created instance with connectionTimeout 5,000, readTimeout 30,000, maxRetryTimes 3, SSL Version TLS
2018-01-04 15:43:05,452 [main] INFO  [cn.jiguang.common.connection.NativeHttpClient] - Created instance with connectionTimeout 5,000, readTimeout 30,000, maxRetryTimes 3, SSL Version TLS
2018-01-04 15:43:05,505 [main] DEBUG [cn.jpush.api.push.model.notification.PlatformNotification] - Extra value is null, throw away it.
2018-01-04 15:43:05,506 [main] DEBUG [cn.jpush.api.push.model.notification.PlatformNotification] - Extra value is null, throw away it.
2018-01-04 15:43:05,516 [main] DEBUG [cn.jiguang.common.connection.NativeHttpClient] - Send request - POST https://api.jpush.cn/v3/push
2018-01-04 15:43:05,516 [main] DEBUG [cn.jiguang.common.connection.NativeHttpClient] - Request Content - {"platform":["ios","android"],"audience":{"alias":["5f26fabbd5ff47cd8190dc17ed0f70e6"]},"notification":{"alert":"开始测试多条推送","ios":{"alert":"开始测试多条推送","extras":{"extra_bindName":"bindName","extra_id":"11","extra_title":"标题","extra_type":"1"},"badge":"+1","sound":"happy"},"android":{"alert":"开始测试多条推送","extras":{"extra_bindName":"bindName","extra_id":"11","extra_title":"标题","extra_type":"1"}}},"options":{"sendno":1233129231,"apns_production":true}}
2018-01-04 15:43:06,124 [main] DEBUG [cn.jiguang.common.resp.ResponseWrapper] - JPush API Rate Limiting params - quota:600, remaining:597, reset:13
2018-01-04 15:43:06,124 [main] DEBUG [cn.jiguang.common.connection.NativeHttpClient] - Succeed to get response OK - responseCode:200
2018-01-04 15:43:06,125 [main] DEBUG [cn.jiguang.common.connection.NativeHttpClient] - Response Content - {"sendno":"1233129231","msg_id":"2736923653"}
2018-01-04 15:43:06,161 [main] INFO  [com.bluemobi.util.JpushUtil] - Got result - {"msg_id":2736923653,"sendno":1233129231,"statusCode":0}
2018-01-04 15:59:28,041 [main] INFO  [cn.jiguang.common.connection.NativeHttpClient] - Created instance with connectionTimeout 5,000, readTimeout 30,000, maxRetryTimes 3, SSL Version TLS
2018-01-04 15:59:28,514 [main] INFO  [cn.jiguang.common.connection.NativeHttpClient] - Created instance with connectionTimeout 5,000, readTimeout 30,000, maxRetryTimes 3, SSL Version TLS
2018-01-04 15:59:28,520 [main] INFO  [cn.jiguang.common.connection.NativeHttpClient] - Created instance with connectionTimeout 5,000, readTimeout 30,000, maxRetryTimes 3, SSL Version TLS
2018-01-04 15:59:28,524 [main] INFO  [cn.jiguang.common.connection.NativeHttpClient] - Created instance with connectionTimeout 5,000, readTimeout 30,000, maxRetryTimes 3, SSL Version TLS
2018-01-04 15:59:28,601 [main] DEBUG [cn.jpush.api.push.model.notification.PlatformNotification] - Extra value is null, throw away it.
2018-01-04 15:59:28,602 [main] DEBUG [cn.jpush.api.push.model.notification.PlatformNotification] - Extra value is null, throw away it.
2018-01-04 15:59:28,615 [main] DEBUG [cn.jiguang.common.connection.NativeHttpClient] - Send request - POST https://api.jpush.cn/v3/push
2018-01-04 15:59:28,615 [main] DEBUG [cn.jiguang.common.connection.NativeHttpClient] - Request Content - {"platform":["android","ios"],"audience":{"alias":["cee7113cf03a4e1eb321453d630e758b","5f26fabbd5ff47cd8190dc17ed0f70e6"]},"notification":{"alert":"开始测试多条推送","ios":{"alert":"开始测试多条推送","extras":{"extra_bindName":"bindName","extra_id":"11","extra_title":"标题","extra_type":"1"},"badge":"+1","sound":"happy"},"android":{"alert":"开始测试多条推送","extras":{"extra_bindName":"bindName","extra_id":"11","extra_title":"标题","extra_type":"1"}}},"options":{"sendno":1918457585,"apns_production":true}}
2018-01-04 15:59:29,248 [main] DEBUG [cn.jiguang.common.resp.ResponseWrapper] - JPush API Rate Limiting params - quota:600, remaining:599, reset:60
2018-01-04 15:59:29,248 [main] DEBUG [cn.jiguang.common.connection.NativeHttpClient] - Succeed to get response OK - responseCode:200
2018-01-04 15:59:29,248 [main] DEBUG [cn.jiguang.common.connection.NativeHttpClient] - Response Content - {"sendno":"1918457585","msg_id":"1137968764"}
2018-01-04 15:59:29,285 [main] INFO  [com.bluemobi.util.JpushUtil] - Got result - {"msg_id":1137968764,"sendno":1918457585,"statusCode":0}
2018-01-04 16:04:03,081 [main] INFO  [cn.jiguang.common.connection.NativeHttpClient] - Created instance with connectionTimeout 5,000, readTimeout 30,000, maxRetryTimes 3, SSL Version TLS
2018-01-04 16:04:03,400 [main] INFO  [cn.jiguang.common.connection.NativeHttpClient] - Created instance with connectionTimeout 5,000, readTimeout 30,000, maxRetryTimes 3, SSL Version TLS
2018-01-04 16:04:03,402 [main] INFO  [cn.jiguang.common.connection.NativeHttpClient] - Created instance with connectionTimeout 5,000, readTimeout 30,000, maxRetryTimes 3, SSL Version TLS
2018-01-04 16:04:03,403 [main] INFO  [cn.jiguang.common.connection.NativeHttpClient] - Created instance with connectionTimeout 5,000, readTimeout 30,000, maxRetryTimes 3, SSL Version TLS
2018-01-04 16:04:03,454 [main] DEBUG [cn.jpush.api.push.model.notification.PlatformNotification] - Extra value is null, throw away it.
2018-01-04 16:04:03,455 [main] DEBUG [cn.jpush.api.push.model.notification.PlatformNotification] - Extra value is null, throw away it.
2018-01-04 16:04:03,469 [main] DEBUG [cn.jiguang.common.connection.NativeHttpClient] - Send request - POST https://api.jpush.cn/v3/push
2018-01-04 16:04:03,469 [main] DEBUG [cn.jiguang.common.connection.NativeHttpClient] - Request Content - {"platform":["ios","android"],"audience":{"alias":["cee7113cf03a4e1eb321453d630e758b","5f26fabbd5ff47cd8190dc17ed0f70e6"]},"notification":{"alert":"开始测试多条推送","ios":{"alert":"开始测试多条推送","extras":{"extra_bindName":"bindName","extra_id":"11","extra_title":"标题","extra_type":"1"},"badge":"+1","sound":"happy"},"android":{"alert":"开始测试多条推送","extras":{"extra_bindName":"bindName","extra_id":"11","extra_title":"标题","extra_type":"1"}}},"options":{"sendno":867036542,"apns_production":true}}
2018-01-04 16:04:03,945 [main] DEBUG [cn.jiguang.common.resp.ResponseWrapper] - JPush API Rate Limiting params - quota:600, remaining:599, reset:60
2018-01-04 16:04:03,945 [main] DEBUG [cn.jiguang.common.connection.NativeHttpClient] - Succeed to get response OK - responseCode:200
2018-01-04 16:04:03,945 [main] DEBUG [cn.jiguang.common.connection.NativeHttpClient] - Response Content - {"sendno":"867036542","msg_id":"1138527365"}
2018-01-04 16:04:03,978 [main] INFO  [com.bluemobi.util.JpushUtil] - Got result - {"msg_id":1138527365,"sendno":867036542,"statusCode":0}
2018-01-04 16:09:58,726 [main] INFO  [cn.jiguang.common.connection.NativeHttpClient] - Created instance with connectionTimeout 5,000, readTimeout 30,000, maxRetryTimes 3, SSL Version TLS
2018-01-04 16:09:59,105 [main] INFO  [cn.jiguang.common.connection.NativeHttpClient] - Created instance with connectionTimeout 5,000, readTimeout 30,000, maxRetryTimes 3, SSL Version TLS
2018-01-04 16:09:59,110 [main] INFO  [cn.jiguang.common.connection.NativeHttpClient] - Created instance with connectionTimeout 5,000, readTimeout 30,000, maxRetryTimes 3, SSL Version TLS
2018-01-04 16:09:59,111 [main] INFO  [cn.jiguang.common.connection.NativeHttpClient] - Created instance with connectionTimeout 5,000, readTimeout 30,000, maxRetryTimes 3, SSL Version TLS
2018-01-04 16:09:59,113 [main] INFO  [cn.jiguang.common.connection.NativeHttpClient] - Created instance with connectionTimeout 5,000, readTimeout 30,000, maxRetryTimes 3, SSL Version TLS
2018-01-04 16:09:59,113 [main] INFO  [cn.jiguang.common.connection.NativeHttpClient] - Created instance with connectionTimeout 5,000, readTimeout 30,000, maxRetryTimes 3, SSL Version TLS
2018-01-04 16:09:59,114 [main] INFO  [cn.jiguang.common.connection.NativeHttpClient] - Created instance with connectionTimeout 5,000, readTimeout 30,000, maxRetryTimes 3, SSL Version TLS
2018-01-04 16:09:59,114 [main] INFO  [cn.jiguang.common.connection.NativeHttpClient] - Created instance with connectionTimeout 5,000, readTimeout 30,000, maxRetryTimes 3, SSL Version TLS
2018-01-04 16:09:59,197 [main] DEBUG [cn.jiguang.common.connection.NativeHttpClient] - Send request - POST https://api.jpush.cn/v3/push
2018-01-04 16:09:59,197 [main] DEBUG [cn.jiguang.common.connection.NativeHttpClient] - Request Content - {"platform":["android","ios"],"audience":{"alias":["5f26fabbd5ff47cd8190dc17ed0f70e6"]},"notification":{"ios":{"alert":"推送测试CC","extras":{"type":"infomation"},"badge":"+1","sound":""},"android":{"alert":"推送测试CC","extras":{"type":"infomation"}}},"options":{"sendno":1655231329,"time_to_live":90,"apns_production":false}}
2018-01-04 16:09:59,628 [main] DEBUG [cn.jiguang.common.resp.ResponseWrapper] - JPush API Rate Limiting params - quota:600, remaining:599, reset:60
2018-01-04 16:09:59,628 [main] DEBUG [cn.jiguang.common.connection.NativeHttpClient] - Succeed to get response OK - responseCode:200
2018-01-04 16:09:59,628 [main] DEBUG [cn.jiguang.common.connection.NativeHttpClient] - Response Content - {"sendno":"1655231329","msg_id":"1138527636"}
2018-01-04 16:09:59,664 [main] INFO  [com.bluemobi.util.JpushUtil] - 针对别名5f26fabbd5ff47cd8190dc17ed0f70e6的信息推送成功！
2018-01-05 16:00:39,697 [main] INFO  [cn.jiguang.common.connection.NativeHttpClient] - Created instance with connectionTimeout 5,000, readTimeout 30,000, maxRetryTimes 3, SSL Version TLS
2018-01-05 16:00:40,109 [main] INFO  [cn.jiguang.common.connection.NativeHttpClient] - Created instance with connectionTimeout 5,000, readTimeout 30,000, maxRetryTimes 3, SSL Version TLS
2018-01-05 16:00:40,114 [main] INFO  [cn.jiguang.common.connection.NativeHttpClient] - Created instance with connectionTimeout 5,000, readTimeout 30,000, maxRetryTimes 3, SSL Version TLS
2018-01-05 16:00:40,115 [main] INFO  [cn.jiguang.common.connection.NativeHttpClient] - Created instance with connectionTimeout 5,000, readTimeout 30,000, maxRetryTimes 3, SSL Version TLS
2018-01-05 16:00:40,117 [main] INFO  [cn.jiguang.common.connection.NativeHttpClient] - Created instance with connectionTimeout 5,000, readTimeout 30,000, maxRetryTimes 3, SSL Version TLS
2018-01-05 16:00:40,118 [main] INFO  [cn.jiguang.common.connection.NativeHttpClient] - Created instance with connectionTimeout 5,000, readTimeout 30,000, maxRetryTimes 3, SSL Version TLS
2018-01-05 16:00:40,118 [main] INFO  [cn.jiguang.common.connection.NativeHttpClient] - Created instance with connectionTimeout 5,000, readTimeout 30,000, maxRetryTimes 3, SSL Version TLS
2018-01-05 16:00:40,118 [main] INFO  [cn.jiguang.common.connection.NativeHttpClient] - Created instance with connectionTimeout 5,000, readTimeout 30,000, maxRetryTimes 3, SSL Version TLS
2018-01-05 16:00:40,250 [main] DEBUG [cn.jiguang.common.connection.NativeHttpClient] - Send request - POST https://api.jpush.cn/v3/push
2018-01-05 16:00:40,250 [main] DEBUG [cn.jiguang.common.connection.NativeHttpClient] - Request Content - {"platform":["android","ios"],"audience":{"alias":["5f26fabbd5ff47cd8190dc17ed0f70e6"]},"notification":{"ios":{"alert":"推送测试CC","extras":{"type":"infomation"},"badge":"+1","sound":""},"android":{"alert":"推送测试CC","extras":{"type":"infomation"}}},"options":{"sendno":1340822822,"time_to_live":90,"apns_production":false}}
2018-01-05 16:00:40,961 [main] DEBUG [cn.jiguang.common.resp.ResponseWrapper] - JPush API Rate Limiting params - quota:600, remaining:599, reset:60
2018-01-05 16:00:40,961 [main] WARN  [cn.jiguang.common.connection.NativeHttpClient] - Got error response - responseCode:400, responseContent:{"msg_id": 2795618982, "error": {"message": "cannot find user by this audience", "code": 1011}}
2018-01-05 16:00:40,962 [main] ERROR [cn.jiguang.common.connection.NativeHttpClient] - Your request params is invalid. Please check them according to error message.
2018-01-05 16:00:40,987 [main] ERROR [com.bluemobi.util.JpushUtil] - Error response from JPush server. Should review and fix it. 
{}
	at cn.jiguang.common.connection.NativeHttpClient._doRequest(NativeHttpClient.java:235)
	at cn.jiguang.common.connection.NativeHttpClient.doRequest(NativeHttpClient.java:99)
	at cn.jiguang.common.connection.NativeHttpClient.sendPost(NativeHttpClient.java:86)
	at cn.jpush.api.push.PushClient.sendPush(PushClient.java:163)
	at cn.jpush.api.JPushClient.sendPush(JPushClient.java:193)
	at com.bluemobi.util.JpushUtil.push(JpushUtil.java:388)
	at com.bluemobi.util.JpushUtil.main(JpushUtil.java:375)
	at sun.reflect.NativeMethodAccessorImpl.invoke0(Native Method)
	at sun.reflect.NativeMethodAccessorImpl.invoke(NativeMethodAccessorImpl.java:62)
	at sun.reflect.DelegatingMethodAccessorImpl.invoke(DelegatingMethodAccessorImpl.java:43)
	at java.lang.reflect.Method.invoke(Method.java:498)
	at com.intellij.rt.execution.application.AppMain.main(AppMain.java:144)
2018-01-05 16:00:40,996 [main] INFO  [com.bluemobi.util.JpushUtil] - HTTP Status: 400
2018-01-05 16:00:40,996 [main] INFO  [com.bluemobi.util.JpushUtil] - Error Code: 1011
2018-01-05 16:00:40,996 [main] INFO  [com.bluemobi.util.JpushUtil] - Error Message: cannot find user by this audience
2018-01-05 16:00:40,997 [main] INFO  [com.bluemobi.util.JpushUtil] - Msg ID: 2795618982
2018-01-05 16:00:40,997 [main] INFO  [com.bluemobi.util.JpushUtil] - 针对别名5f26fabbd5ff47cd8190dc17ed0f70e6的信息推送失败！
2018-01-05 16:01:01,687 [main] INFO  [cn.jiguang.common.connection.NativeHttpClient] - Created instance with connectionTimeout 5,000, readTimeout 30,000, maxRetryTimes 3, SSL Version TLS
2018-01-05 16:01:02,090 [main] INFO  [cn.jiguang.common.connection.NativeHttpClient] - Created instance with connectionTimeout 5,000, readTimeout 30,000, maxRetryTimes 3, SSL Version TLS
2018-01-05 16:01:02,094 [main] INFO  [cn.jiguang.common.connection.NativeHttpClient] - Created instance with connectionTimeout 5,000, readTimeout 30,000, maxRetryTimes 3, SSL Version TLS
2018-01-05 16:01:02,096 [main] INFO  [cn.jiguang.common.connection.NativeHttpClient] - Created instance with connectionTimeout 5,000, readTimeout 30,000, maxRetryTimes 3, SSL Version TLS
2018-01-05 16:01:02,098 [main] INFO  [cn.jiguang.common.connection.NativeHttpClient] - Created instance with connectionTimeout 5,000, readTimeout 30,000, maxRetryTimes 3, SSL Version TLS
2018-01-05 16:01:02,101 [main] INFO  [cn.jiguang.common.connection.NativeHttpClient] - Created instance with connectionTimeout 5,000, readTimeout 30,000, maxRetryTimes 3, SSL Version TLS
2018-01-05 16:01:02,101 [main] INFO  [cn.jiguang.common.connection.NativeHttpClient] - Created instance with connectionTimeout 5,000, readTimeout 30,000, maxRetryTimes 3, SSL Version TLS
2018-01-05 16:01:02,101 [main] INFO  [cn.jiguang.common.connection.NativeHttpClient] - Created instance with connectionTimeout 5,000, readTimeout 30,000, maxRetryTimes 3, SSL Version TLS
2018-01-05 16:01:02,170 [main] DEBUG [cn.jiguang.common.connection.NativeHttpClient] - Send request - POST https://api.jpush.cn/v3/push
2018-01-05 16:01:02,170 [main] DEBUG [cn.jiguang.common.connection.NativeHttpClient] - Request Content - {"platform":["android","ios"],"audience":{"alias":["5f26fabbd5ff47cd8190dc17ed0f70e6"]},"notification":{"ios":{"alert":"推送测试CC","extras":{"type":"infomation"},"badge":"+1","sound":""},"android":{"alert":"推送测试CC","extras":{"type":"infomation"}}},"options":{"sendno":619818707,"time_to_live":90,"apns_production":false}}
2018-01-05 16:01:02,803 [main] DEBUG [cn.jiguang.common.resp.ResponseWrapper] - JPush API Rate Limiting params - quota:600, remaining:598, reset:38
2018-01-05 16:01:02,803 [main] WARN  [cn.jiguang.common.connection.NativeHttpClient] - Got error response - responseCode:400, responseContent:{"msg_id": 1197665359, "error": {"message": "cannot find user by this audience", "code": 1011}}
2018-01-05 16:01:02,804 [main] ERROR [cn.jiguang.common.connection.NativeHttpClient] - Your request params is invalid. Please check them according to error message.
2018-01-05 16:01:02,813 [main] ERROR [com.bluemobi.util.JpushUtil] - Error response from JPush server. Should review and fix it. 
{}
	at cn.jiguang.common.connection.NativeHttpClient._doRequest(NativeHttpClient.java:235)
	at cn.jiguang.common.connection.NativeHttpClient.doRequest(NativeHttpClient.java:99)
	at cn.jiguang.common.connection.NativeHttpClient.sendPost(NativeHttpClient.java:86)
	at cn.jpush.api.push.PushClient.sendPush(PushClient.java:163)
	at cn.jpush.api.JPushClient.sendPush(JPushClient.java:193)
	at com.bluemobi.util.JpushUtil.push(JpushUtil.java:388)
	at com.bluemobi.util.JpushUtil.main(JpushUtil.java:375)
	at sun.reflect.NativeMethodAccessorImpl.invoke0(Native Method)
	at sun.reflect.NativeMethodAccessorImpl.invoke(NativeMethodAccessorImpl.java:62)
	at sun.reflect.DelegatingMethodAccessorImpl.invoke(DelegatingMethodAccessorImpl.java:43)
	at java.lang.reflect.Method.invoke(Method.java:498)
	at com.intellij.rt.execution.application.AppMain.main(AppMain.java:144)
2018-01-05 16:01:02,822 [main] INFO  [com.bluemobi.util.JpushUtil] - HTTP Status: 400
2018-01-05 16:01:02,822 [main] INFO  [com.bluemobi.util.JpushUtil] - Error Code: 1011
2018-01-05 16:01:02,822 [main] INFO  [com.bluemobi.util.JpushUtil] - Error Message: cannot find user by this audience
2018-01-05 16:01:02,823 [main] INFO  [com.bluemobi.util.JpushUtil] - Msg ID: 1197665359
2018-01-05 16:01:02,823 [main] INFO  [com.bluemobi.util.JpushUtil] - 针对别名5f26fabbd5ff47cd8190dc17ed0f70e6的信息推送失败！
2018-01-05 16:02:19,339 [main] INFO  [cn.jiguang.common.connection.NativeHttpClient] - Created instance with connectionTimeout 5,000, readTimeout 30,000, maxRetryTimes 3, SSL Version TLS
2018-01-05 16:02:19,722 [main] INFO  [cn.jiguang.common.connection.NativeHttpClient] - Created instance with connectionTimeout 5,000, readTimeout 30,000, maxRetryTimes 3, SSL Version TLS
2018-01-05 16:02:19,726 [main] INFO  [cn.jiguang.common.connection.NativeHttpClient] - Created instance with connectionTimeout 5,000, readTimeout 30,000, maxRetryTimes 3, SSL Version TLS
2018-01-05 16:02:19,730 [main] INFO  [cn.jiguang.common.connection.NativeHttpClient] - Created instance with connectionTimeout 5,000, readTimeout 30,000, maxRetryTimes 3, SSL Version TLS
2018-01-05 16:02:19,732 [main] INFO  [cn.jiguang.common.connection.NativeHttpClient] - Created instance with connectionTimeout 5,000, readTimeout 30,000, maxRetryTimes 3, SSL Version TLS
2018-01-05 16:02:19,733 [main] INFO  [cn.jiguang.common.connection.NativeHttpClient] - Created instance with connectionTimeout 5,000, readTimeout 30,000, maxRetryTimes 3, SSL Version TLS
2018-01-05 16:02:19,733 [main] INFO  [cn.jiguang.common.connection.NativeHttpClient] - Created instance with connectionTimeout 5,000, readTimeout 30,000, maxRetryTimes 3, SSL Version TLS
2018-01-05 16:02:19,733 [main] INFO  [cn.jiguang.common.connection.NativeHttpClient] - Created instance with connectionTimeout 5,000, readTimeout 30,000, maxRetryTimes 3, SSL Version TLS
2018-01-05 16:02:19,816 [main] DEBUG [cn.jiguang.common.connection.NativeHttpClient] - Send request - POST https://api.jpush.cn/v3/push
2018-01-05 16:02:19,816 [main] DEBUG [cn.jiguang.common.connection.NativeHttpClient] - Request Content - {"platform":["android","ios"],"audience":{"alias":["5f26fabbd5ff47cd8190dc17ed0f70e6"]},"notification":{"ios":{"alert":"推送测试CC","extras":{"type":"infomation"},"badge":"+1","sound":""},"android":{"alert":"推送测试CC","extras":{"type":"infomation"}}},"options":{"sendno":1683226357,"time_to_live":90,"apns_production":false}}
2018-01-05 16:02:20,478 [main] DEBUG [cn.jiguang.common.resp.ResponseWrapper] - JPush API Rate Limiting params - quota:600, remaining:599, reset:60
2018-01-05 16:02:20,479 [main] WARN  [cn.jiguang.common.connection.NativeHttpClient] - Got error response - responseCode:400, responseContent:{"msg_id": 1197770290, "error": {"message": "cannot find user by this audience", "code": 1011}}
2018-01-05 16:02:20,479 [main] ERROR [cn.jiguang.common.connection.NativeHttpClient] - Your request params is invalid. Please check them according to error message.
2018-01-05 16:02:20,488 [main] ERROR [com.bluemobi.util.JpushUtil] - Error response from JPush server. Should review and fix it. 
{}
	at cn.jiguang.common.connection.NativeHttpClient._doRequest(NativeHttpClient.java:235)
	at cn.jiguang.common.connection.NativeHttpClient.doRequest(NativeHttpClient.java:99)
	at cn.jiguang.common.connection.NativeHttpClient.sendPost(NativeHttpClient.java:86)
	at cn.jpush.api.push.PushClient.sendPush(PushClient.java:163)
	at cn.jpush.api.JPushClient.sendPush(JPushClient.java:193)
	at com.bluemobi.util.JpushUtil.push(JpushUtil.java:388)
	at com.bluemobi.util.JpushUtil.main(JpushUtil.java:375)
	at sun.reflect.NativeMethodAccessorImpl.invoke0(Native Method)
	at sun.reflect.NativeMethodAccessorImpl.invoke(NativeMethodAccessorImpl.java:62)
	at sun.reflect.DelegatingMethodAccessorImpl.invoke(DelegatingMethodAccessorImpl.java:43)
	at java.lang.reflect.Method.invoke(Method.java:498)
	at com.intellij.rt.execution.application.AppMain.main(AppMain.java:144)
2018-01-05 16:02:20,496 [main] INFO  [com.bluemobi.util.JpushUtil] - HTTP Status: 400
2018-01-05 16:02:20,496 [main] INFO  [com.bluemobi.util.JpushUtil] - Error Code: 1011
2018-01-05 16:02:20,496 [main] INFO  [com.bluemobi.util.JpushUtil] - Error Message: cannot find user by this audience
2018-01-05 16:02:20,496 [main] INFO  [com.bluemobi.util.JpushUtil] - Msg ID: 1197770290
2018-01-05 16:02:20,496 [main] INFO  [com.bluemobi.util.JpushUtil] - 针对别名5f26fabbd5ff47cd8190dc17ed0f70e6的信息推送失败！
2018-01-05 16:05:05,093 [main] INFO  [cn.jiguang.common.connection.NativeHttpClient] - Created instance with connectionTimeout 5,000, readTimeout 30,000, maxRetryTimes 3, SSL Version TLS
2018-01-05 16:05:05,498 [main] INFO  [cn.jiguang.common.connection.NativeHttpClient] - Created instance with connectionTimeout 5,000, readTimeout 30,000, maxRetryTimes 3, SSL Version TLS
2018-01-05 16:05:05,502 [main] INFO  [cn.jiguang.common.connection.NativeHttpClient] - Created instance with connectionTimeout 5,000, readTimeout 30,000, maxRetryTimes 3, SSL Version TLS
2018-01-05 16:05:05,503 [main] INFO  [cn.jiguang.common.connection.NativeHttpClient] - Created instance with connectionTimeout 5,000, readTimeout 30,000, maxRetryTimes 3, SSL Version TLS
2018-01-05 16:05:05,505 [main] INFO  [cn.jiguang.common.connection.NativeHttpClient] - Created instance with connectionTimeout 5,000, readTimeout 30,000, maxRetryTimes 3, SSL Version TLS
2018-01-05 16:05:05,505 [main] INFO  [cn.jiguang.common.connection.NativeHttpClient] - Created instance with connectionTimeout 5,000, readTimeout 30,000, maxRetryTimes 3, SSL Version TLS
2018-01-05 16:05:05,506 [main] INFO  [cn.jiguang.common.connection.NativeHttpClient] - Created instance with connectionTimeout 5,000, readTimeout 30,000, maxRetryTimes 3, SSL Version TLS
2018-01-05 16:05:05,506 [main] INFO  [cn.jiguang.common.connection.NativeHttpClient] - Created instance with connectionTimeout 5,000, readTimeout 30,000, maxRetryTimes 3, SSL Version TLS
2018-01-05 16:05:05,603 [main] DEBUG [cn.jiguang.common.connection.NativeHttpClient] - Send request - POST https://api.jpush.cn/v3/push
2018-01-05 16:05:05,604 [main] DEBUG [cn.jiguang.common.connection.NativeHttpClient] - Request Content - {"platform":["android","ios"],"audience":{"alias":["5f26fabbd5ff47cd8190dc17ed0f70e6"]},"notification":{"ios":{"alert":"推送测试CC","extras":{"type":"infomation"},"badge":"+1","sound":""},"android":{"alert":"推送测试CC","extras":{"type":"infomation"}}},"options":{"sendno":1350617773,"time_to_live":90,"apns_production":false}}
2018-01-05 16:05:06,175 [main] DEBUG [cn.jiguang.common.resp.ResponseWrapper] - JPush API Rate Limiting params - quota:600, remaining:599, reset:60
2018-01-05 16:05:06,176 [main] WARN  [cn.jiguang.common.connection.NativeHttpClient] - Got error response - responseCode:400, responseContent:{"msg_id": 1196187706, "error": {"message": "cannot find user by this audience", "code": 1011}}
2018-01-05 16:05:06,176 [main] ERROR [cn.jiguang.common.connection.NativeHttpClient] - Your request params is invalid. Please check them according to error message.
2018-01-05 16:05:06,196 [main] ERROR [com.bluemobi.util.JpushUtil] - Error response from JPush server. Should review and fix it. 
{}
	at cn.jiguang.common.connection.NativeHttpClient._doRequest(NativeHttpClient.java:235)
	at cn.jiguang.common.connection.NativeHttpClient.doRequest(NativeHttpClient.java:99)
	at cn.jiguang.common.connection.NativeHttpClient.sendPost(NativeHttpClient.java:86)
	at cn.jpush.api.push.PushClient.sendPush(PushClient.java:163)
	at cn.jpush.api.JPushClient.sendPush(JPushClient.java:193)
	at com.bluemobi.util.JpushUtil.push(JpushUtil.java:387)
	at com.bluemobi.util.JpushUtil.main(JpushUtil.java:375)
	at sun.reflect.NativeMethodAccessorImpl.invoke0(Native Method)
	at sun.reflect.NativeMethodAccessorImpl.invoke(NativeMethodAccessorImpl.java:62)
	at sun.reflect.DelegatingMethodAccessorImpl.invoke(DelegatingMethodAccessorImpl.java:43)
	at java.lang.reflect.Method.invoke(Method.java:498)
	at com.intellij.rt.execution.application.AppMain.main(AppMain.java:144)
2018-01-05 16:05:06,209 [main] INFO  [com.bluemobi.util.JpushUtil] - HTTP Status: 400
2018-01-05 16:05:06,209 [main] INFO  [com.bluemobi.util.JpushUtil] - Error Code: 1011
2018-01-05 16:05:06,209 [main] INFO  [com.bluemobi.util.JpushUtil] - Error Message: cannot find user by this audience
2018-01-05 16:05:06,209 [main] INFO  [com.bluemobi.util.JpushUtil] - Msg ID: 1196187706
2018-01-05 16:05:06,209 [main] INFO  [com.bluemobi.util.JpushUtil] - 针对别名5f26fabbd5ff47cd8190dc17ed0f70e6的信息推送失败！
2018-01-05 16:05:25,763 [main] INFO  [cn.jiguang.common.connection.NativeHttpClient] - Created instance with connectionTimeout 5,000, readTimeout 30,000, maxRetryTimes 3, SSL Version TLS
2018-01-05 16:05:26,433 [main] INFO  [cn.jiguang.common.connection.NativeHttpClient] - Created instance with connectionTimeout 5,000, readTimeout 30,000, maxRetryTimes 3, SSL Version TLS
2018-01-05 16:05:26,438 [main] INFO  [cn.jiguang.common.connection.NativeHttpClient] - Created instance with connectionTimeout 5,000, readTimeout 30,000, maxRetryTimes 3, SSL Version TLS
2018-01-05 16:05:26,440 [main] INFO  [cn.jiguang.common.connection.NativeHttpClient] - Created instance with connectionTimeout 5,000, readTimeout 30,000, maxRetryTimes 3, SSL Version TLS
2018-01-05 16:05:26,441 [main] INFO  [cn.jiguang.common.connection.NativeHttpClient] - Created instance with connectionTimeout 5,000, readTimeout 30,000, maxRetryTimes 3, SSL Version TLS
2018-01-05 16:05:26,443 [main] INFO  [cn.jiguang.common.connection.NativeHttpClient] - Created instance with connectionTimeout 5,000, readTimeout 30,000, maxRetryTimes 3, SSL Version TLS
2018-01-05 16:05:26,443 [main] INFO  [cn.jiguang.common.connection.NativeHttpClient] - Created instance with connectionTimeout 5,000, readTimeout 30,000, maxRetryTimes 3, SSL Version TLS
2018-01-05 16:05:26,444 [main] INFO  [cn.jiguang.common.connection.NativeHttpClient] - Created instance with connectionTimeout 5,000, readTimeout 30,000, maxRetryTimes 3, SSL Version TLS
2018-01-05 16:05:26,597 [main] DEBUG [cn.jiguang.common.connection.NativeHttpClient] - Send request - POST https://api.jpush.cn/v3/push
2018-01-05 16:05:26,597 [main] DEBUG [cn.jiguang.common.connection.NativeHttpClient] - Request Content - {"platform":["android","ios"],"audience":{"alias":["5f26fabbd5ff47cd8190dc17ed0f70e6"]},"notification":{"android":{"alert":"推送测试CC","extras":{"type":"infomation"}},"ios":{"alert":"推送测试CC","extras":{"type":"infomation"},"badge":"+1","sound":""}},"options":{"sendno":2088589149,"time_to_live":90,"apns_production":false}}
2018-01-05 16:05:27,151 [main] DEBUG [cn.jiguang.common.resp.ResponseWrapper] - JPush API Rate Limiting params - quota:600, remaining:598, reset:39
2018-01-05 16:05:27,151 [main] WARN  [cn.jiguang.common.connection.NativeHttpClient] - Got error response - responseCode:400, responseContent:{"msg_id": 1198400842, "error": {"message": "cannot find user by this audience", "code": 1011}}
2018-01-05 16:05:27,151 [main] ERROR [cn.jiguang.common.connection.NativeHttpClient] - Your request params is invalid. Please check them according to error message.
2018-01-05 16:05:27,172 [main] ERROR [com.bluemobi.util.JpushUtil] - Error response from JPush server. Should review and fix it. 
{}
	at cn.jiguang.common.connection.NativeHttpClient._doRequest(NativeHttpClient.java:235)
	at cn.jiguang.common.connection.NativeHttpClient.doRequest(NativeHttpClient.java:99)
	at cn.jiguang.common.connection.NativeHttpClient.sendPost(NativeHttpClient.java:86)
	at cn.jpush.api.push.PushClient.sendPush(PushClient.java:163)
	at cn.jpush.api.JPushClient.sendPush(JPushClient.java:193)
	at com.bluemobi.util.JpushUtil.push(JpushUtil.java:387)
	at com.bluemobi.util.JpushUtil.main(JpushUtil.java:375)
2018-01-05 16:05:27,191 [main] INFO  [com.bluemobi.util.JpushUtil] - HTTP Status: 400
2018-01-05 16:05:27,191 [main] INFO  [com.bluemobi.util.JpushUtil] - Error Code: 1011
2018-01-05 16:05:27,191 [main] INFO  [com.bluemobi.util.JpushUtil] - Error Message: cannot find user by this audience
2018-01-05 16:05:27,192 [main] INFO  [com.bluemobi.util.JpushUtil] - Msg ID: 1198400842
2018-01-05 16:05:27,192 [main] INFO  [com.bluemobi.util.JpushUtil] - 针对别名5f26fabbd5ff47cd8190dc17ed0f70e6的信息推送失败！
2018-01-05 16:06:55,123 [main] INFO  [cn.jiguang.common.connection.NativeHttpClient] - Created instance with connectionTimeout 5,000, readTimeout 30,000, maxRetryTimes 3, SSL Version TLS
2018-01-05 16:06:55,430 [main] INFO  [cn.jiguang.common.connection.NativeHttpClient] - Created instance with connectionTimeout 5,000, readTimeout 30,000, maxRetryTimes 3, SSL Version TLS
2018-01-05 16:06:55,436 [main] INFO  [cn.jiguang.common.connection.NativeHttpClient] - Created instance with connectionTimeout 5,000, readTimeout 30,000, maxRetryTimes 3, SSL Version TLS
2018-01-05 16:06:55,439 [main] INFO  [cn.jiguang.common.connection.NativeHttpClient] - Created instance with connectionTimeout 5,000, readTimeout 30,000, maxRetryTimes 3, SSL Version TLS
2018-01-05 16:06:55,442 [main] INFO  [cn.jiguang.common.connection.NativeHttpClient] - Created instance with connectionTimeout 5,000, readTimeout 30,000, maxRetryTimes 3, SSL Version TLS
2018-01-05 16:06:55,442 [main] INFO  [cn.jiguang.common.connection.NativeHttpClient] - Created instance with connectionTimeout 5,000, readTimeout 30,000, maxRetryTimes 3, SSL Version TLS
2018-01-05 16:06:55,444 [main] INFO  [cn.jiguang.common.connection.NativeHttpClient] - Created instance with connectionTimeout 5,000, readTimeout 30,000, maxRetryTimes 3, SSL Version TLS
2018-01-05 16:06:55,444 [main] INFO  [cn.jiguang.common.connection.NativeHttpClient] - Created instance with connectionTimeout 5,000, readTimeout 30,000, maxRetryTimes 3, SSL Version TLS
2018-01-05 16:06:55,521 [main] DEBUG [cn.jiguang.common.connection.NativeHttpClient] - Send request - POST https://api.jpush.cn/v3/push
2018-01-05 16:06:55,522 [main] DEBUG [cn.jiguang.common.connection.NativeHttpClient] - Request Content - {"platform":["android","ios"],"audience":{"alias":["5f26fabbd5ff47cd8190dc17ed0f70e6"]},"notification":{"ios":{"alert":"推送测试CC","extras":{"type":"infomation"},"badge":"+1","sound":""},"android":{"alert":"推送测试CC","extras":{"type":"infomation"}}},"options":{"sendno":1668605076,"time_to_live":90,"apns_production":false}}
2018-01-05 16:06:56,197 [main] DEBUG [cn.jiguang.common.resp.ResponseWrapper] - JPush API Rate Limiting params - quota:600, remaining:599, reset:60
2018-01-05 16:06:56,197 [main] WARN  [cn.jiguang.common.connection.NativeHttpClient] - Got error response - responseCode:400, responseContent:{"msg_id": 1197665506, "error": {"message": "cannot find user by this audience", "code": 1011}}
2018-01-05 16:06:56,197 [main] ERROR [cn.jiguang.common.connection.NativeHttpClient] - Your request params is invalid. Please check them according to error message.
2018-01-05 16:06:56,206 [main] ERROR [com.bluemobi.util.JpushUtil] - Error response from JPush server. Should review and fix it. 
{}
	at cn.jiguang.common.connection.NativeHttpClient._doRequest(NativeHttpClient.java:235)
	at cn.jiguang.common.connection.NativeHttpClient.doRequest(NativeHttpClient.java:99)
	at cn.jiguang.common.connection.NativeHttpClient.sendPost(NativeHttpClient.java:86)
	at cn.jpush.api.push.PushClient.sendPush(PushClient.java:163)
	at cn.jpush.api.JPushClient.sendPush(JPushClient.java:193)
	at com.bluemobi.util.JpushUtil.push(JpushUtil.java:384)
	at com.bluemobi.util.JpushUtil.main(JpushUtil.java:372)
	at sun.reflect.NativeMethodAccessorImpl.invoke0(Native Method)
	at sun.reflect.NativeMethodAccessorImpl.invoke(NativeMethodAccessorImpl.java:62)
	at sun.reflect.DelegatingMethodAccessorImpl.invoke(DelegatingMethodAccessorImpl.java:43)
	at java.lang.reflect.Method.invoke(Method.java:498)
	at com.intellij.rt.execution.application.AppMain.main(AppMain.java:144)
2018-01-05 16:06:56,219 [main] INFO  [com.bluemobi.util.JpushUtil] - HTTP Status: 400
2018-01-05 16:06:56,219 [main] INFO  [com.bluemobi.util.JpushUtil] - Error Code: 1011
2018-01-05 16:06:56,219 [main] INFO  [com.bluemobi.util.JpushUtil] - Error Message: cannot find user by this audience
2018-01-05 16:06:56,219 [main] INFO  [com.bluemobi.util.JpushUtil] - Msg ID: 1197665506
2018-01-05 16:06:56,219 [main] INFO  [com.bluemobi.util.JpushUtil] - 针对别名5f26fabbd5ff47cd8190dc17ed0f70e6的信息推送失败！
2018-01-05 16:07:36,099 [main] INFO  [cn.jiguang.common.connection.NativeHttpClient] - Created instance with connectionTimeout 5,000, readTimeout 30,000, maxRetryTimes 3, SSL Version TLS
2018-01-05 16:07:36,449 [main] INFO  [cn.jiguang.common.connection.NativeHttpClient] - Created instance with connectionTimeout 5,000, readTimeout 30,000, maxRetryTimes 3, SSL Version TLS
2018-01-05 16:07:36,455 [main] INFO  [cn.jiguang.common.connection.NativeHttpClient] - Created instance with connectionTimeout 5,000, readTimeout 30,000, maxRetryTimes 3, SSL Version TLS
2018-01-05 16:07:36,458 [main] INFO  [cn.jiguang.common.connection.NativeHttpClient] - Created instance with connectionTimeout 5,000, readTimeout 30,000, maxRetryTimes 3, SSL Version TLS
2018-01-05 16:07:36,460 [main] INFO  [cn.jiguang.common.connection.NativeHttpClient] - Created instance with connectionTimeout 5,000, readTimeout 30,000, maxRetryTimes 3, SSL Version TLS
2018-01-05 16:07:36,461 [main] INFO  [cn.jiguang.common.connection.NativeHttpClient] - Created instance with connectionTimeout 5,000, readTimeout 30,000, maxRetryTimes 3, SSL Version TLS
2018-01-05 16:07:36,461 [main] INFO  [cn.jiguang.common.connection.NativeHttpClient] - Created instance with connectionTimeout 5,000, readTimeout 30,000, maxRetryTimes 3, SSL Version TLS
2018-01-05 16:07:36,462 [main] INFO  [cn.jiguang.common.connection.NativeHttpClient] - Created instance with connectionTimeout 5,000, readTimeout 30,000, maxRetryTimes 3, SSL Version TLS
2018-01-05 16:07:36,548 [main] DEBUG [cn.jiguang.common.connection.NativeHttpClient] - Send request - POST https://api.jpush.cn/v3/push
2018-01-05 16:07:36,549 [main] DEBUG [cn.jiguang.common.connection.NativeHttpClient] - Request Content - {"platform":["android","ios"],"audience":{"alias":["1613b83c793c466aa88944b5ed233aee"]},"notification":{"ios":{"alert":"推送测试CC","extras":{"type":"infomation"},"badge":"+1","sound":""},"android":{"alert":"推送测试CC","extras":{"type":"infomation"}}},"options":{"sendno":1895713374,"time_to_live":90,"apns_production":false}}
2018-01-05 16:07:37,102 [main] DEBUG [cn.jiguang.common.resp.ResponseWrapper] - JPush API Rate Limiting params - quota:600, remaining:598, reset:20
2018-01-05 16:07:37,102 [main] DEBUG [cn.jiguang.common.connection.NativeHttpClient] - Succeed to get response OK - responseCode:200
2018-01-05 16:07:37,102 [main] DEBUG [cn.jiguang.common.connection.NativeHttpClient] - Response Content - {"sendno":"1895713374","msg_id":"1198354895"}
2018-01-05 16:07:37,132 [main] INFO  [com.bluemobi.util.JpushUtil] - 针对别名5f26fabbd5ff47cd8190dc17ed0f70e6的信息推送成功！
